Arguments: 
  /usr/local/bin/node /opt/yarn-v1.22.19/bin/yarn.js add bcrypt

PATH: 
  /usr/local/sbin:/usr/local/bin:/usr/sbin:/usr/bin:/sbin:/bin

Yarn version: 
  1.22.19

Node version: 
  18.12.1

Platform: 
  linux x64

Trace: 
  Error: ENOTEMPTY: directory not empty, rmdir '/usr/app/node_modules/registry-url/node_modules/.bin'

npm manifest: 
  {
    "name": "express-api-rest",
    "version": "1.0.0",
    "description": "express-api-rest",
    "main": "./src/app.js",
    "scripts": {
      "start": "NODE_ENV=production DEBUG=info,warn,error node ./src/app.js",
      "dev": "NODE_ENV=development   DEBUG=* npx nodemon ./src/app.js -L --inspect=0.0.0.0 ./src",
      "test": "npx mocha ./test/**/*.test.js"
    },
    "author": "",
    "license": "ISC",
    "engines": {
      "yarn": "1.22.19"
    },
    "dependencies": {
      "body-parser": "^1.19.0",
      "chai-http": "^4.3.0",
      "cors": "^2.8.5",
      "dotenv": "^16.0.2",
      "express": "^4.17.1",
      "jsonwebtoken": "^8.5.1",
      "mariadb": "^2.5.6",
      "mysql": "^2.18.1",
      "mysql2": "^2.3.3",
      "node_env": "^0.0.3",
      "sequelize": "^6.3.5",
      "serve-favicon": "^2.5.0"
    },
    "devDependencies": {
      "chai": "^4.3.7",
      "mocha": "^10.1.0",
      "nodemon": "^2.0.6",
      "unit.js": "^2.1.1"
    }
  }

yarn manifest: 
  No manifest

Lockfile: 
  # THIS IS AN AUTOGENERATED FILE. DO NOT EDIT THIS FILE DIRECTLY.
  # yarn lockfile v1
  
  
  "@sindresorhus/is@^0.14.0":
    "integrity" "sha512-9NET910DNaIPngYnLLPeg+Ogzqsi9uM4mSboU5y6p8S5DzMTVEsJZrawi+BoDNUVBa2DhJqQYUFvMDfgU062LQ=="
    "resolved" "https://registry.npmjs.org/@sindresorhus/is/-/is-0.14.0.tgz"
    "version" "0.14.0"
  
  "@sinonjs/commons@^1", "@sinonjs/commons@^1.3.0", "@sinonjs/commons@^1.4.0", "@sinonjs/commons@^1.7.0":
    "integrity" "sha512-xkNcLAn/wZaX14RPlwizcKicDk9G3F8m2nU3L7Ukm5zBgTwiT0wsoFAHx9Jq56fJA1z/7uKGtCRu16sOUCLIHQ=="
    "resolved" "https://registry.npmjs.org/@sinonjs/commons/-/commons-1.8.3.tgz"
    "version" "1.8.3"
    dependencies:
      "type-detect" "4.0.8"
  
  "@sinonjs/formatio@^3.2.1":
    "integrity" "sha512-B8SEsgd8gArBLMD6zpRw3juQ2FVSsmdd7qlevyDqzS9WTCtvF55/gAL+h6gue8ZvPYcdiPdvueM/qm//9XzyTQ=="
    "resolved" "https://registry.npmjs.org/@sinonjs/formatio/-/formatio-3.2.2.tgz"
    "version" "3.2.2"
    dependencies:
      "@sinonjs/commons" "^1"
      "@sinonjs/samsam" "^3.1.0"
  
  "@sinonjs/samsam@^3.1.0", "@sinonjs/samsam@^3.3.3":
    "integrity" "sha512-bKCMKZvWIjYD0BLGnNrxVuw4dkWCYsLqFOUWw8VgKF/+5Y+mE7LfHWPIYoDXowH+3a9LsWDMo0uAP8YDosPvHQ=="
    "resolved" "https://registry.npmjs.org/@sinonjs/samsam/-/samsam-3.3.3.tgz"
    "version" "3.3.3"
    dependencies:
      "@sinonjs/commons" "^1.3.0"
      "array-from" "^2.1.1"
      "lodash" "^4.17.15"
  
  "@sinonjs/text-encoding@^0.7.1":
    "integrity" "sha512-sXXKG+uL9IrKqViTtao2Ws6dy0znu9sOaP1di/jKGW1M6VssO8vlpXCQcpZ+jisQ1tTFAC5Jo/EOzFbggBagFQ=="
    "resolved" "https://registry.npmjs.org/@sinonjs/text-encoding/-/text-encoding-0.7.2.tgz"
    "version" "0.7.2"
  
  "@szmarczak/http-timer@^1.1.2":
    "integrity" "sha512-XIB2XbzHTN6ieIjfIMV9hlVcfPU26s2vafYWQcZHWXHOxiaRZYEDKEwdl129Zyg50+foYV2jCgtrqSA6qNuNSA=="
    "resolved" "https://registry.npmjs.org/@szmarczak/http-timer/-/http-timer-1.1.2.tgz"
    "version" "1.1.2"
    dependencies:
      "defer-to-connect" "^1.0.1"
  
  "@types/chai@4":
    "integrity" "sha512-KnRanxnpfpjUTqTCXslZSEdLfXExwgNxYPdiO2WGUj8+HDjFi8R3k5RVKPeSCzLjCcshCAtVO2QBbVuAV4kTnw=="
    "resolved" "https://registry.npmjs.org/@types/chai/-/chai-4.3.4.tgz"
    "version" "4.3.4"
  
  "@types/cookiejar@*":
    "integrity" "sha512-t73xJJrvdTjXrn4jLS9VSGRbz0nUY3cl2DMGDU48lKl+HR9dbbjW2A9r3g40VA++mQpy6uuHg33gy7du2BKpog=="
    "resolved" "https://registry.npmjs.org/@types/cookiejar/-/cookiejar-2.1.2.tgz"
    "version" "2.1.2"
  
  "@types/geojson@^7946.0.8":
    "integrity" "sha512-1rkryxURpr6aWP7R786/UQOkJ3PcpQiWkAXBmdWc7ryFWqN6a4xfK7BtjXvFBKO9LjQ+MWQSWxYeZX1OApnArA=="
    "resolved" "https://registry.npmjs.org/@types/geojson/-/geojson-7946.0.8.tgz"
    "version" "7946.0.8"
  
  "@types/node@*", "@types/node@^17.0.10":
    "integrity" "sha512-w+tIMs3rq2afQdsPJlODhoUEKzFP1ayaoyl1CcnwtIlsVe7K7bA1NGm4s3PraqTLlXnbIN84zuBlxBWo1u9BLw=="
    "resolved" "https://registry.npmjs.org/@types/node/-/node-17.0.45.tgz"
    "version" "17.0.45"
  
  "@types/superagent@^3.8.3":
    "integrity" "sha512-9KhCkyXv268A2nZ1Wvu7rQWM+BmdYUVkycFeNnYrUL5Zwu7o8wPQ3wBfW59dDP+wuoxw0ww8YKgTNv8j/cgscA=="
    "resolved" "https://registry.npmjs.org/@types/superagent/-/superagent-3.8.7.tgz"
    "version" "3.8.7"
    dependencies:
      "@types/cookiejar" "*"
      "@types/node" "*"
  
  "abbrev@1":
    "integrity" "sha512-nne9/IiQ/hzIhY6pdDnbBtz7DjPTKrY00P/zvPSm5pOFkl6xuGrGnXn/VtTNNfNtAfZ9/1RtehkszU9qcTii0Q=="
    "resolved" "https://registry.npmjs.org/abbrev/-/abbrev-1.1.1.tgz"
    "version" "1.1.1"
  
  "accepts@~1.3.7":
    "integrity" "sha512-Il80Qs2WjYlJIBNzNkK6KYqlVMTbZLXgHx2oT0pU/fjRHyEp+PEfEPY0R3WCwAGVOtauxh1hOxNgIf5bv7dQpA=="
    "resolved" "https://registry.npmjs.org/accepts/-/accepts-1.3.7.tgz"
    "version" "1.3.7"
    dependencies:
      "mime-types" "~2.1.24"
      "negotiator" "0.6.2"
  
  "ansi-align@^3.0.0":
    "integrity" "sha512-ZpClVKqXN3RGBmKibdfWzqCY4lnjEuoNzU5T0oEFpfd/z5qJHVarukridD4juLO2FXMiwUQxr9WqQtaYa8XRYw=="
    "resolved" "https://registry.npmjs.org/ansi-align/-/ansi-align-3.0.0.tgz"
    "version" "3.0.0"
    dependencies:
      "string-width" "^3.0.0"
  
  "ansi-colors@4.1.1":
    "integrity" "sha512-JoX0apGbHaUJBNl6yF+p6JAFYZ666/hhCGKN5t9QFjbJQKUU/g8MNbFDbvfrgKXvI1QpZplPOnwIo99lX/AAmA=="
    "resolved" "https://registry.npmjs.org/ansi-colors/-/ansi-colors-4.1.1.tgz"
    "version" "4.1.1"
  
  "ansi-regex@^4.1.0":
    "integrity" "sha512-1apePfXM1UOSqw0o9IiFAovVz9M5S1Dg+4TrDwfMewQ6p/rmMueb7tWZjQ1rx4Loy1ArBggoqGpfqqdI4rondg=="
    "resolved" "https://registry.npmjs.org/ansi-regex/-/ansi-regex-4.1.0.tgz"
    "version" "4.1.0"
  
  "ansi-regex@^5.0.0":
    "integrity" "sha512-bY6fj56OUQ0hU1KjFNDQuJFezqKdrAyFdIevADiqrWHwSlbmBNMHp5ak2f40Pm8JTFyM2mqxkG6ngkHO11f/lg=="
    "resolved" "https://registry.npmjs.org/ansi-regex/-/ansi-regex-5.0.0.tgz"
    "version" "5.0.0"
  
  "ansi-regex@^5.0.1":
    "integrity" "sha512-quJQXlTSUGL2LH9SUXo8VwsY4soanhgo6LNSm84E1LBcE8s3O0wpdiRzyR9z/ZZJMlMWv37qOOb9pdJlMUEKFQ=="
    "resolved" "https://registry.npmjs.org/ansi-regex/-/ansi-regex-5.0.1.tgz"
    "version" "5.0.1"
  
  "ansi-styles@^4.0.0", "ansi-styles@^4.1.0":
    "integrity" "sha512-zbB9rCJAT1rbjiVDb2hqKFHNYLxgtk8NURxZ3IZwD3F6NtxbXZQCnnSi1Lkx+IDohdPlFp222wVALIheZJQSEg=="
    "resolved" "https://registry.npmjs.org/ansi-styles/-/ansi-styles-4.3.0.tgz"
    "version" "4.3.0"
    dependencies:
      "color-convert" "^2.0.1"
  
  "any-promise@^1.3.0":
    "integrity" "sha1-q8av7tzqUugJzcA3au0845Y10X8="
    "resolved" "https://registry.npmjs.org/any-promise/-/any-promise-1.3.0.tgz"
    "version" "1.3.0"
  
  "anymatch@~3.1.2":
    "integrity" "sha512-KMReFUr0B4t+D+OBkjR3KYqvocp2XaSzO55UcB6mgQMd3KbcE+mWTyvVV7D/zsdEbNnV6acZUutkiHQXvTr1Rw=="
    "resolved" "https://registry.npmjs.org/anymatch/-/anymatch-3.1.3.tgz"
    "version" "3.1.3"
    dependencies:
      "normalize-path" "^3.0.0"
      "picomatch" "^2.0.4"
  
  "argparse@^2.0.1":
    "integrity" "sha512-8+9WqebbFzpX9OR+Wa6O29asIogeRMzcGtAINdpMHHyAg10f05aSFVBbcEqGf/PXw1EjAZ+q2/bEBg3DvurK3Q=="
    "resolved" "https://registry.npmjs.org/argparse/-/argparse-2.0.1.tgz"
    "version" "2.0.1"
  
  "array-flatten@1.1.1":
    "integrity" "sha1-ml9pkFGx5wczKPKgCJaLZOopVdI="
    "resolved" "https://registry.npmjs.org/array-flatten/-/array-flatten-1.1.1.tgz"
    "version" "1.1.1"
  
  "array-from@^2.1.1":
    "integrity" "sha512-GQTc6Uupx1FCavi5mPzBvVT7nEOeWMmUA9P95wpfpW1XwMSKs+KaymD5C2Up7KAUKg/mYwbsUYzdZWcoajlNZg=="
    "resolved" "https://registry.npmjs.org/array-from/-/array-from-2.1.1.tgz"
    "version" "2.1.1"
  
  "assertion-error@^1.1.0":
    "integrity" "sha512-jgsaNduz+ndvGyFt3uSuWqvy4lCnIJiovtouQN5JZHOKCS2QuhEdbcQHFhVksz2N2U9hXJo8odG7ETyWlEeuDw=="
    "resolved" "https://registry.npmjs.org/assertion-error/-/assertion-error-1.1.0.tgz"
    "version" "1.1.0"
  
  "asynckit@^0.4.0":
    "integrity" "sha512-Oei9OH4tRh0YqU3GxhX79dM/mwVgvbZJaSNaRk+bshkj0S5cfHcgYakreBjrHwatXKbz+IoIdYLxrKim2MjW0Q=="
    "resolved" "https://registry.npmjs.org/asynckit/-/asynckit-0.4.0.tgz"
    "version" "0.4.0"
  
  "balanced-match@^1.0.0":
    "integrity" "sha1-ibTRmasr7kneFk6gK4nORi1xt2c="
    "resolved" "https://registry.npmjs.org/balanced-match/-/balanced-match-1.0.0.tgz"
    "version" "1.0.0"
  
  "bignumber.js@9.0.0":
    "integrity" "sha512-t/OYhhJ2SD+YGBQcjY8GzzDHEk9f3nerxjtfa6tlMXfe7frs/WozhvCNoGvpM0P3bNf3Gq5ZRMlGr5f3r4/N8A=="
    "resolved" "https://registry.npmjs.org/bignumber.js/-/bignumber.js-9.0.0.tgz"
    "version" "9.0.0"
  
  "binary-extensions@^2.0.0":
    "integrity" "sha512-1Yj8h9Q+QDF5FzhMs/c9+6UntbD5MkRfRwac8DoEm9ZfUBZ7tZ55YcGVAzEe4bXsdQHEk+s9S5wsOKVdZrw0tQ=="
    "resolved" "https://registry.npmjs.org/binary-extensions/-/binary-extensions-2.1.0.tgz"
    "version" "2.1.0"
  
  "bluebird@^3.7.1":
    "integrity" "sha512-XpNj6GDQzdfW+r2Wnn7xiSAd7TM3jzkxGXBGTtWKuSXv1xUV+azxAm8jdWZN06QTQk+2N2XB9jRDkvbmQmcRtg=="
    "resolved" "https://registry.npmjs.org/bluebird/-/bluebird-3.7.2.tgz"
    "version" "3.7.2"
  
  "body-parser@^1.19.0", "body-parser@1.19.0":
    "integrity" "sha512-dhEPs72UPbDnAQJ9ZKMNTP6ptJaionhP5cBb541nXPlW60Jepo9RV/a4fX4XWW9CuFNK22krhrj1+rgzifNCsw=="
    "resolved" "https://registry.npmjs.org/body-parser/-/body-parser-1.19.0.tgz"
    "version" "1.19.0"
    dependencies:
      "bytes" "3.1.0"
      "content-type" "~1.0.4"
      "debug" "2.6.9"
      "depd" "~1.1.2"
      "http-errors" "1.7.2"
      "iconv-lite" "0.4.24"
      "on-finished" "~2.3.0"
      "qs" "6.7.0"
      "raw-body" "2.4.0"
      "type-is" "~1.6.17"
  
  "boxen@^4.2.0":
    "integrity" "sha512-eB4uT9RGzg2odpER62bBwSLvUeGC+WbRjjyyFhGsKnc8wp/m0+hQsMUvUe3H2V0D5vw0nBdO1hCJoZo5mKeuIQ=="
    "resolved" "https://registry.npmjs.org/boxen/-/boxen-4.2.0.tgz"
    "version" "4.2.0"
    dependencies:
      "ansi-align" "^3.0.0"
      "camelcase" "^5.3.1"
      "chalk" "^3.0.0"
      "cli-boxes" "^2.2.0"
      "string-width" "^4.1.0"
      "term-size" "^2.1.0"
      "type-fest" "^0.8.1"
      "widest-line" "^3.1.0"
  
  "brace-expansion@^1.1.7":
    "integrity" "sha512-iCuPHDFgrHX7H2vEI/5xpz07zSHB00TpugqhmYtVmMO6518mCuRMoOYFldEBl0g187ufozdaHgWKcYFb61qGiA=="
    "resolved" "https://registry.npmjs.org/brace-expansion/-/brace-expansion-1.1.11.tgz"
    "version" "1.1.11"
    dependencies:
      "balanced-match" "^1.0.0"
      "concat-map" "0.0.1"
  
  "brace-expansion@^2.0.1":
    "integrity" "sha512-XnAIvQ8eM+kC6aULx6wuQiwVsnzsi9d3WxzV3FpWTGA19F621kwdbsAcFKXgKUHZWsy+mY6iL1sHTxWEFCytDA=="
    "resolved" "https://registry.npmjs.org/brace-expansion/-/brace-expansion-2.0.1.tgz"
    "version" "2.0.1"
    dependencies:
      "balanced-match" "^1.0.0"
  
  "braces@~3.0.2":
    "integrity" "sha512-b8um+L1RzM3WDSzvhm6gIz1yfTbBt6YTlcEKAvsmqCZZFw46z626lVj9j1yEPW33H5H+lBQpZMP1k8l+78Ha0A=="
    "resolved" "https://registry.npmjs.org/braces/-/braces-3.0.2.tgz"
    "version" "3.0.2"
    dependencies:
      "fill-range" "^7.0.1"
  
  "browser-stdout@1.3.1":
    "integrity" "sha512-qhAVI1+Av2X7qelOfAIYwXONood6XlZE/fXaBSmW/T5SzLAmCgzi+eiWE7fUvbHaeNBQH13UftjpXxsfLkMpgw=="
    "resolved" "https://registry.npmjs.org/browser-stdout/-/browser-stdout-1.3.1.tgz"
    "version" "1.3.1"
  
  "buffer-equal-constant-time@1.0.1":
    "integrity" "sha1-+OcRMvf/5uAaXJaXpMbz5I1cyBk="
    "resolved" "https://registry.npmjs.org/buffer-equal-constant-time/-/buffer-equal-constant-time-1.0.1.tgz"
    "version" "1.0.1"
  
  "bytes@3.1.0":
    "integrity" "sha512-zauLjrfCG+xvoyaqLoV8bLVXXNGC4JqlxFCutSDWA6fJrTo2ZuvLYTqZ7aHBLZSMOopbzwv8f+wZcVzfVTI2Dg=="
    "resolved" "https://registry.npmjs.org/bytes/-/bytes-3.1.0.tgz"
    "version" "3.1.0"
  
  "cacheable-request@^6.0.0":
    "integrity" "sha512-Oj3cAGPCqOZX7Rz64Uny2GYAZNliQSqfbePrgAQ1wKAihYmCUnraBtJtKcGR4xz7wF+LoJC+ssFZvv5BgF9Igg=="
    "resolved" "https://registry.npmjs.org/cacheable-request/-/cacheable-request-6.1.0.tgz"
    "version" "6.1.0"
    dependencies:
      "clone-response" "^1.0.2"
      "get-stream" "^5.1.0"
      "http-cache-semantics" "^4.0.0"
      "keyv" "^3.0.0"
      "lowercase-keys" "^2.0.0"
      "normalize-url" "^4.1.0"
      "responselike" "^1.0.2"
  
  "camelcase@^5.3.1":
    "integrity" "sha512-L28STB170nwWS63UjtlEOE3dldQApaJXZkOI1uMFfzf3rRuPegHaHesyee+YxQ+W6SvRDQV6UrdOdRiR153wJg=="
    "resolved" "https://registry.npmjs.org/camelcase/-/camelcase-5.3.1.tgz"
    "version" "5.3.1"
  
  "camelcase@^6.0.0":
    "integrity" "sha512-Gmy6FhYlCY7uOElZUSbxo2UCDH8owEk996gkbrpsgGtrJLM3J7jGxl9Ic7Qwwj4ivOE5AWZWRMecDdF7hqGjFA=="
    "resolved" "https://registry.npmjs.org/camelcase/-/camelcase-6.3.0.tgz"
    "version" "6.3.0"
  
  "chai-http@^4.3.0":
    "integrity" "sha512-zFTxlN7HLMv+7+SPXZdkd5wUlK+KxH6Q7bIEMiEx0FK3zuuMqL7cwICAQ0V1+yYRozBburYuxN1qZstgHpFZQg=="
    "resolved" "https://registry.npmjs.org/chai-http/-/chai-http-4.3.0.tgz"
    "version" "4.3.0"
    dependencies:
      "@types/chai" "4"
      "@types/superagent" "^3.8.3"
      "cookiejar" "^2.1.1"
      "is-ip" "^2.0.0"
      "methods" "^1.1.2"
      "qs" "^6.5.1"
      "superagent" "^3.7.0"
  
  "chai@^4.3.7":
    "integrity" "sha512-HLnAzZ2iupm25PlN0xFreAlBA5zaBSv3og0DdeGA4Ar6h6rJ3A0rolRUKJhSF2V10GZKDgWF/VmAEsNWjCRB+A=="
    "resolved" "https://registry.npmjs.org/chai/-/chai-4.3.7.tgz"
    "version" "4.3.7"
    dependencies:
      "assertion-error" "^1.1.0"
      "check-error" "^1.0.2"
      "deep-eql" "^4.1.2"
      "get-func-name" "^2.0.0"
      "loupe" "^2.3.1"
      "pathval" "^1.1.1"
      "type-detect" "^4.0.5"
  
  "chalk@^3.0.0":
    "integrity" "sha512-4D3B6Wf41KOYRFdszmDqMCGq5VV/uMAB273JILmO+3jAlh8X4qDtdtgCR3fxtbLEMzSx22QdhnDcJvu2u1fVwg=="
    "resolved" "https://registry.npmjs.org/chalk/-/chalk-3.0.0.tgz"
    "version" "3.0.0"
    dependencies:
      "ansi-styles" "^4.1.0"
      "supports-color" "^7.1.0"
  
  "chalk@^4.1.0":
    "integrity" "sha512-oKnbhFyRIXpUuez8iBMmyEa4nbj4IOQyuhc/wy9kY7/WVPcwIO9VA668Pu8RkO7+0G76SLROeyw9CpQ061i4mA=="
    "resolved" "https://registry.npmjs.org/chalk/-/chalk-4.1.2.tgz"
    "version" "4.1.2"
    dependencies:
      "ansi-styles" "^4.1.0"
      "supports-color" "^7.1.0"
  
  "check-error@^1.0.2":
    "integrity" "sha512-BrgHpW9NURQgzoNyjfq0Wu6VFO6D7IZEmJNdtgNqpzGG8RuNFHt2jQxWlAs4HMe119chBnv+34syEZtc6IhLtA=="
    "resolved" "https://registry.npmjs.org/check-error/-/check-error-1.0.2.tgz"
    "version" "1.0.2"
  
  "chokidar@^3.2.2", "chokidar@3.5.3":
    "integrity" "sha512-Dr3sfKRP6oTcjf2JmUmFJfeVMvXBdegxB0iVQ5eb2V10uFJUCAS8OByZdVAyVb8xXNz3GjjTgj9kLWsZTqE6kw=="
    "resolved" "https://registry.npmjs.org/chokidar/-/chokidar-3.5.3.tgz"
    "version" "3.5.3"
    dependencies:
      "anymatch" "~3.1.2"
      "braces" "~3.0.2"
      "glob-parent" "~5.1.2"
      "is-binary-path" "~2.1.0"
      "is-glob" "~4.0.1"
      "normalize-path" "~3.0.0"
      "readdirp" "~3.6.0"
    optionalDependencies:
      "fsevents" "~2.3.2"
  
  "ci-info@^2.0.0":
    "integrity" "sha512-5tK7EtrZ0N+OLFMthtqOj4fI2Jeb88C4CAZPu25LDVUgXJ0A3Js4PMGqrn0JU1W0Mh1/Z8wZzYPxqUrXeBboCQ=="
    "resolved" "https://registry.npmjs.org/ci-info/-/ci-info-2.0.0.tgz"
    "version" "2.0.0"
  
  "cli-boxes@^2.2.0":
    "integrity" "sha512-y4coMcylgSCdVinjiDBuR8PCC2bLjyGTwEmPb9NHR/QaNU6EUOXcTY/s6VjGMD6ENSEaeQYHCY0GNGS5jfMwPw=="
    "resolved" "https://registry.npmjs.org/cli-boxes/-/cli-boxes-2.2.1.tgz"
    "version" "2.2.1"
  
  "cliui@^7.0.2":
    "integrity" "sha512-OcRE68cOsVMXp1Yvonl/fzkQOyjLSu/8bhPDfQt0e0/Eb283TKP20Fs2MqoPsr9SwA595rRCA+QMzYc9nBP+JQ=="
    "resolved" "https://registry.npmjs.org/cliui/-/cliui-7.0.4.tgz"
    "version" "7.0.4"
    dependencies:
      "string-width" "^4.2.0"
      "strip-ansi" "^6.0.0"
      "wrap-ansi" "^7.0.0"
  
  "clone-response@^1.0.2":
    "integrity" "sha1-0dyXOSAxTfZ/vrlCI7TuNQI56Ws="
    "resolved" "https://registry.npmjs.org/clone-response/-/clone-response-1.0.2.tgz"
    "version" "1.0.2"
    dependencies:
      "mimic-response" "^1.0.0"
  
  "color-convert@^2.0.1":
    "integrity" "sha512-RRECPsj7iu/xb5oKYcsFHSppFNnsj/52OVTRKb4zP5onXwVF3zVmmToNcOfGC+CRDpfK/U584fMg38ZHCaElKQ=="
    "resolved" "https://registry.npmjs.org/color-convert/-/color-convert-2.0.1.tgz"
    "version" "2.0.1"
    dependencies:
      "color-name" "~1.1.4"
  
  "color-name@~1.1.4":
    "integrity" "sha512-dOy+3AuW3a2wNbZHIuMZpTcgjGuLU/uBL/ubcZF9OXbDo8ff4O8yVp5Bf0efS8uEoYo5q4Fx7dY9OgQGXgAsQA=="
    "resolved" "https://registry.npmjs.org/color-name/-/color-name-1.1.4.tgz"
    "version" "1.1.4"
  
  "combined-stream@^1.0.6":
    "integrity" "sha512-FQN4MRfuJeHf7cBbBMJFXhKSDq+2kAArBlmRBvcvFE5BB1HZKXtSFASDhdlz9zOYwxh8lDdnvmMOe/+5cdoEdg=="
    "resolved" "https://registry.npmjs.org/combined-stream/-/combined-stream-1.0.8.tgz"
    "version" "1.0.8"
    dependencies:
      "delayed-stream" "~1.0.0"
  
  "component-emitter@^1.2.0":
    "integrity" "sha512-Rd3se6QB+sO1TwqZjscQrurpEPIfO0/yYnSin6Q/rD3mOutHvUrCAhJub3r90uNb+SESBuE0QYoB90YdfatsRg=="
    "resolved" "https://registry.npmjs.org/component-emitter/-/component-emitter-1.3.0.tgz"
    "version" "1.3.0"
  
  "concat-map@0.0.1":
    "integrity" "sha1-2Klr13/Wjfd5OnMDajug1UBdR3s="
    "resolved" "https://registry.npmjs.org/concat-map/-/concat-map-0.0.1.tgz"
    "version" "0.0.1"
  
  "configstore@^5.0.1":
    "integrity" "sha512-aMKprgk5YhBNyH25hj8wGt2+D52Sw1DRRIzqBwLp2Ya9mFmY8KPvvtvmna8SxVR9JMZ4kzMD68N22vlaRpkeFA=="
    "resolved" "https://registry.npmjs.org/configstore/-/configstore-5.0.1.tgz"
    "version" "5.0.1"
    dependencies:
      "dot-prop" "^5.2.0"
      "graceful-fs" "^4.1.2"
      "make-dir" "^3.0.0"
      "unique-string" "^2.0.0"
      "write-file-atomic" "^3.0.0"
      "xdg-basedir" "^4.0.0"
  
  "content-disposition@0.5.3":
    "integrity" "sha512-ExO0774ikEObIAEV9kDo50o+79VCUdEB6n6lzKgGwupcVeRlhrj3qGAfwq8G6uBJjkqLrhT0qEYFcWng8z1z0g=="
    "resolved" "https://registry.npmjs.org/content-disposition/-/content-disposition-0.5.3.tgz"
    "version" "0.5.3"
    dependencies:
      "safe-buffer" "5.1.2"
  
  "content-type@~1.0.4":
    "integrity" "sha512-hIP3EEPs8tB9AT1L+NUqtwOAps4mk2Zob89MWXMHjHWg9milF/j4osnnQLXBCBFBk/tvIG/tUc9mOUJiPBhPXA=="
    "resolved" "https://registry.npmjs.org/content-type/-/content-type-1.0.4.tgz"
    "version" "1.0.4"
  
  "cookie-signature@1.0.6":
    "integrity" "sha1-4wOogrNCzD7oylE6eZmXNNqzriw="
    "resolved" "https://registry.npmjs.org/cookie-signature/-/cookie-signature-1.0.6.tgz"
    "version" "1.0.6"
  
  "cookie@0.4.0":
    "integrity" "sha512-+Hp8fLp57wnUSt0tY0tHEXh4voZRDnoIrZPqlo3DPiI4y9lwg/jqx+1Om94/W6ZaPDOUbnjOt/99w66zk+l1Xg=="
    "resolved" "https://registry.npmjs.org/cookie/-/cookie-0.4.0.tgz"
    "version" "0.4.0"
  
  "cookiejar@^2.1.0", "cookiejar@^2.1.1":
    "integrity" "sha512-JxbCBUdrfr6AQjOXrxoTvAMJO4HBTUIlBzslcJPAz+/KT8yk53fXun51u+RenNYvad/+Vc2DIz5o9UxlCDymFQ=="
    "resolved" "https://registry.npmjs.org/cookiejar/-/cookiejar-2.1.3.tgz"
    "version" "2.1.3"
  
  "core-util-is@~1.0.0":
    "integrity" "sha1-tf1UIgqivFq1eqtxQMlAdUUDwac="
    "resolved" "https://registry.npmjs.org/core-util-is/-/core-util-is-1.0.2.tgz"
    "version" "1.0.2"
  
  "cors@^2.8.5":
    "integrity" "sha512-KIHbLJqu73RGr/hnbrO9uBeixNGuvSQjul/jdFvS/KFSIH1hWVd1ng7zOHx+YrEfInLG7q4n6GHQ9cDtxv/P6g=="
    "resolved" "https://registry.npmjs.org/cors/-/cors-2.8.5.tgz"
    "version" "2.8.5"
    dependencies:
      "object-assign" "^4"
      "vary" "^1"
  
  "crypto-random-string@^2.0.0":
    "integrity" "sha512-v1plID3y9r/lPhviJ1wrXpLeyUIGAZ2SHNYTEapm7/8A9nLPoyvVp3RK/EPFqn5kEznyWgYZNsRtYYIWbuG8KA=="
    "resolved" "https://registry.npmjs.org/crypto-random-string/-/crypto-random-string-2.0.0.tgz"
    "version" "2.0.0"
  
  "debug@^2.2.0", "debug@2.6.9":
    "integrity" "sha512-bC7ElrdJaJnPbAP+1EotYvqZsb3ecl5wi6Bfi6BJTUcNowp6cvspg0jXznRTKDjm/E7AdgFBVeAPVMNcKGsHMA=="
    "resolved" "https://registry.npmjs.org/debug/-/debug-2.6.9.tgz"
    "version" "2.6.9"
    dependencies:
      "ms" "2.0.0"
  
  "debug@^3.1.0":
    "integrity" "sha512-CFjzYYAi4ThfiQvizrFQevTTXHtnCqWfe7x1AhgEscTz6ZbLbfoLRLPugTQyBth6f8ZERVUSyWHFD/7Wu4t1XQ=="
    "resolved" "https://registry.npmjs.org/debug/-/debug-3.2.7.tgz"
    "version" "3.2.7"
    dependencies:
      "ms" "^2.1.1"
  
  "debug@^3.2.6":
    "integrity" "sha512-mel+jf7nrtEl5Pn1Qx46zARXKDpBbvzezse7p7LqINmdoIk8PYP5SySaxEmYv6TZ0JyEKA1hsCId6DIhgITtWQ=="
    "resolved" "https://registry.npmjs.org/debug/-/debug-3.2.6.tgz"
    "version" "3.2.6"
    dependencies:
      "ms" "^2.1.1"
  
  "debug@^4.1.1":
    "integrity" "sha512-pYAIzeRo8J6KPEaJ0VWOh5Pzkbw/RetuzehGM7QRRX5he4fPHx2rdKMB256ehJCkX+XRQm16eZLqLNS8RSZXZw=="
    "resolved" "https://registry.npmjs.org/debug/-/debug-4.1.1.tgz"
    "version" "4.1.1"
    dependencies:
      "ms" "^2.1.1"
  
  "debug@4.3.4":
    "integrity" "sha512-PRWFHuSU3eDtQJPvnNY7Jcket1j0t5OuOsFzPPzsekD52Zl8qUfFIPEiswXqIvHWGVHOgX+7G/vCNNhehwxfkQ=="
    "resolved" "https://registry.npmjs.org/debug/-/debug-4.3.4.tgz"
    "version" "4.3.4"
    dependencies:
      "ms" "2.1.2"
  
  "decamelize@^4.0.0":
    "integrity" "sha512-9iE1PgSik9HeIIw2JO94IidnE3eBoQrFJ3w7sFuzSX4DpmZ3v5sZpUiV5Swcf6mQEF+Y0ru8Neo+p+nyh2J+hQ=="
    "resolved" "https://registry.npmjs.org/decamelize/-/decamelize-4.0.0.tgz"
    "version" "4.0.0"
  
  "decompress-response@^3.3.0":
    "integrity" "sha1-gKTdMjdIOEv6JICDYirt7Jgq3/M="
    "resolved" "https://registry.npmjs.org/decompress-response/-/decompress-response-3.3.0.tgz"
    "version" "3.3.0"
    dependencies:
      "mimic-response" "^1.0.0"
  
  "deep-eql@^4.1.2":
    "integrity" "sha512-WaEtAOpRA1MQ0eohqZjpGD8zdI0Ovsm8mmFhaDN8dvDZzyoUMcYDnf5Y6iu7HTXxf8JDS23qWa4a+hKCDyOPzw=="
    "resolved" "https://registry.npmjs.org/deep-eql/-/deep-eql-4.1.3.tgz"
    "version" "4.1.3"
    dependencies:
      "type-detect" "^4.0.0"
  
  "deep-extend@^0.6.0":
    "integrity" "sha512-LOHxIOaPYdHlJRtCQfDIVZtfw/ufM8+rVj649RIHzcm/vGwQRXFt6OPqIFWsm2XEMrNIEtWR64sY1LEKD2vAOA=="
    "resolved" "https://registry.npmjs.org/deep-extend/-/deep-extend-0.6.0.tgz"
    "version" "0.6.0"
  
  "defer-to-connect@^1.0.1":
    "integrity" "sha512-0ISdNousHvZT2EiFlZeZAHBUvSxmKswVCEf8hW7KWgG4a8MVEu/3Vb6uWYozkjylyCxe0JBIiRB1jV45S70WVQ=="
    "resolved" "https://registry.npmjs.org/defer-to-connect/-/defer-to-connect-1.1.3.tgz"
    "version" "1.1.3"
  
  "delayed-stream@~1.0.0":
    "integrity" "sha512-ZySD7Nf91aLB0RxL4KGrKHBXl7Eds1DAmEdcoVawXnLD7SDhpNgtuII2aAkg7a7QS41jxPSZ17p4VdGnMHk3MQ=="
    "resolved" "https://registry.npmjs.org/delayed-stream/-/delayed-stream-1.0.0.tgz"
    "version" "1.0.0"
  
  "denque@^2.0.1":
    "integrity" "sha512-tfiWc6BQLXNLpNiR5iGd0Ocu3P3VpxfzFiqubLgMfhfOw9WyvgJBd46CClNn9k3qfbjvT//0cf7AlYRX/OslMQ=="
    "resolved" "https://registry.npmjs.org/denque/-/denque-2.0.1.tgz"
    "version" "2.0.1"
  
  "depd@~1.1.2":
    "integrity" "sha1-m81S4UwJd2PnSbJ0xDRu0uVgtak="
    "resolved" "https://registry.npmjs.org/depd/-/depd-1.1.2.tgz"
    "version" "1.1.2"
  
  "destroy@~1.0.4":
    "integrity" "sha1-l4hXRCxEdJ5CBmE+N5RiBYJqvYA="
    "resolved" "https://registry.npmjs.org/destroy/-/destroy-1.0.4.tgz"
    "version" "1.0.4"
  
  "diff@^3.5.0":
    "integrity" "sha512-A46qtFgd+g7pDZinpnwiRJtxbC1hpgf0uzP3iG89scHk0AUC7A1TGxf5OiiOUv/JMZR8GOt8hL900hV0bOy5xA=="
    "resolved" "https://registry.npmjs.org/diff/-/diff-3.5.0.tgz"
    "version" "3.5.0"
  
  "diff@5.0.0":
    "integrity" "sha512-/VTCrvm5Z0JGty/BWHljh+BAiw3IK+2j87NGMu8Nwc/f48WoDAC395uomO9ZD117ZOBaHmkX1oyLvkVM/aIT3w=="
    "resolved" "https://registry.npmjs.org/diff/-/diff-5.0.0.tgz"
    "version" "5.0.0"
  
  "dot-prop@^5.2.0":
    "integrity" "sha512-QM8q3zDe58hqUqjraQOmzZ1LIH9SWQJTlEKCH4kJ2oQvLZk7RbQXvtDM2XEq3fwkV9CCvvH4LA0AV+ogFsBM2Q=="
    "resolved" "https://registry.npmjs.org/dot-prop/-/dot-prop-5.3.0.tgz"
    "version" "5.3.0"
    dependencies:
      "is-obj" "^2.0.0"
  
  "dotenv@^16.0.2":
    "integrity" "sha512-JvpYKUmzQhYoIFgK2MOnF3bciIZoItIIoryihy0rIA+H4Jy0FmgyKYAHCTN98P5ybGSJcIFbh6QKeJdtZd1qhA=="
    "resolved" "https://registry.npmjs.org/dotenv/-/dotenv-16.0.2.tgz"
    "version" "16.0.2"
  
  "dottie@^2.0.0":
    "integrity" "sha512-fmrwR04lsniq/uSr8yikThDTrM7epXHBAAjH9TbeH3rEA8tdCO7mRzB9hdmdGyJCxF8KERo9CITcm3kGuoyMhg=="
    "resolved" "https://registry.npmjs.org/dottie/-/dottie-2.0.2.tgz"
    "version" "2.0.2"
  
  "duplexer3@^0.1.4":
    "integrity" "sha1-7gHdHKwO08vH/b6jfcCo8c4ALOI="
    "resolved" "https://registry.npmjs.org/duplexer3/-/duplexer3-0.1.4.tgz"
    "version" "0.1.4"
  
  "ecdsa-sig-formatter@1.0.11":
    "integrity" "sha512-nagl3RYrbNv6kQkeJIpt6NJZy8twLB/2vtz6yN9Z4vRKHN4/QZJIEbqohALSgwKdnksuY3k5Addp5lg8sVoVcQ=="
    "resolved" "https://registry.npmjs.org/ecdsa-sig-formatter/-/ecdsa-sig-formatter-1.0.11.tgz"
    "version" "1.0.11"
    dependencies:
      "safe-buffer" "^5.0.1"
  
  "ee-first@1.1.1":
    "integrity" "sha1-WQxhFWsK4vTwJVcyoViyZrxWsh0="
    "resolved" "https://registry.npmjs.org/ee-first/-/ee-first-1.1.1.tgz"
    "version" "1.1.1"
  
  "egal@>= 1.3.0 < 2":
    "integrity" "sha512-K3oJQTVoCyBA1xpmHcTUPxsOuiJXDfAO9Ts2ScP2z96dxPR8g680A0BG8owH5Pwh+5FQm4M2iWv0CTwPUtLrJA=="
    "resolved" "https://registry.npmjs.org/egal/-/egal-1.3.0.tgz"
    "version" "1.3.0"
    dependencies:
      "kindof" ">= 2.0.0 < 3"
  
  "emoji-regex@^7.0.1":
    "integrity" "sha512-CwBLREIQ7LvYFB0WyRvwhq5N5qPhc6PMjD6bYggFlI5YyDgl+0vxq5VHbMOFqLg7hfWzmu8T5Z1QofhmTIhItA=="
    "resolved" "https://registry.npmjs.org/emoji-regex/-/emoji-regex-7.0.3.tgz"
    "version" "7.0.3"
  
  "emoji-regex@^8.0.0":
    "integrity" "sha512-MSjYzcWNOA0ewAHpz0MxpYFvwg6yjy1NG3xteoqz644VCo/RPgnr1/GGt+ic3iJTzQ8Eu3TdM14SawnVUmGE6A=="
    "resolved" "https://registry.npmjs.org/emoji-regex/-/emoji-regex-8.0.0.tgz"
    "version" "8.0.0"
  
  "encodeurl@~1.0.2":
    "integrity" "sha1-rT/0yG7C0CkyL1oCw6mmBslbP1k="
    "resolved" "https://registry.npmjs.org/encodeurl/-/encodeurl-1.0.2.tgz"
    "version" "1.0.2"
  
  "end-of-stream@^1.1.0":
    "integrity" "sha512-+uw1inIHVPQoaVuHzRyXd21icM+cnt4CzD5rW+NC1wjOUSTOs+Te7FOv7AhN7vS9x/oIyhLP5PR1H+phQAHu5Q=="
    "resolved" "https://registry.npmjs.org/end-of-stream/-/end-of-stream-1.4.4.tgz"
    "version" "1.4.4"
    dependencies:
      "once" "^1.4.0"
  
  "escalade@^3.1.1":
    "integrity" "sha512-k0er2gUkLf8O0zKJiAhmkTnJlTvINGv7ygDNPbeIsX/TJjGJZHuh9B2UxbsaEkmlEo9MfhrSzmhIlhRlI2GXnw=="
    "resolved" "https://registry.npmjs.org/escalade/-/escalade-3.1.1.tgz"
    "version" "3.1.1"
  
  "escape-goat@^2.0.0":
    "integrity" "sha512-8/uIhbG12Csjy2JEW7D9pHbreaVaS/OpN3ycnyvElTdwM5n6GY6W6e2IPemfvGZeUMqZ9A/3GqIZMgKnBhAw/Q=="
    "resolved" "https://registry.npmjs.org/escape-goat/-/escape-goat-2.1.1.tgz"
    "version" "2.1.1"
  
  "escape-html@~1.0.3":
    "integrity" "sha1-Aljq5NPQwJdN4cFpGI7wBR0dGYg="
    "resolved" "https://registry.npmjs.org/escape-html/-/escape-html-1.0.3.tgz"
    "version" "1.0.3"
  
  "escape-string-regexp@4.0.0":
    "integrity" "sha512-TtpcNJ3XAzx3Gq8sWRzJaVajRs0uVxA2YAkdb1jm2YkPz4G6egUFAyA3n5vtEIZefPk5Wa4UXbKuS5fKkJWdgA=="
    "resolved" "https://registry.npmjs.org/escape-string-regexp/-/escape-string-regexp-4.0.0.tgz"
    "version" "4.0.0"
  
  "etag@~1.8.1":
    "integrity" "sha1-Qa4u62XvpiJorr/qg6x9eSmbCIc="
    "resolved" "https://registry.npmjs.org/etag/-/etag-1.8.1.tgz"
    "version" "1.8.1"
  
  "express@^4.17.1":
    "integrity" "sha512-mHJ9O79RqluphRrcw2X/GTh3k9tVv8YcoyY4Kkh4WDMUYKRZUq0h1o0w2rrrxBqM7VoeUVqgb27xlEMXTnYt4g=="
    "resolved" "https://registry.npmjs.org/express/-/express-4.17.1.tgz"
    "version" "4.17.1"
    dependencies:
      "accepts" "~1.3.7"
      "array-flatten" "1.1.1"
      "body-parser" "1.19.0"
      "content-disposition" "0.5.3"
      "content-type" "~1.0.4"
      "cookie" "0.4.0"
      "cookie-signature" "1.0.6"
      "debug" "2.6.9"
      "depd" "~1.1.2"
      "encodeurl" "~1.0.2"
      "escape-html" "~1.0.3"
      "etag" "~1.8.1"
      "finalhandler" "~1.1.2"
      "fresh" "0.5.2"
      "merge-descriptors" "1.0.1"
      "methods" "~1.1.2"
      "on-finished" "~2.3.0"
      "parseurl" "~1.3.3"
      "path-to-regexp" "0.1.7"
      "proxy-addr" "~2.0.5"
      "qs" "6.7.0"
      "range-parser" "~1.2.1"
      "safe-buffer" "5.1.2"
      "send" "0.17.1"
      "serve-static" "1.14.1"
      "setprototypeof" "1.1.1"
      "statuses" "~1.5.0"
      "type-is" "~1.6.18"
      "utils-merge" "1.0.1"
      "vary" "~1.1.2"
  
  "extend@^3.0.0":
    "integrity" "sha512-fjquC59cD7CyW6urNXK0FBufkZcoiGG80wTuPujX590cB5Ttln20E2UB4S/WARVqhXffZl2LNgS+gQdPIIim/g=="
    "resolved" "https://registry.npmjs.org/extend/-/extend-3.0.2.tgz"
    "version" "3.0.2"
  
  "fill-range@^7.0.1":
    "integrity" "sha512-qOo9F+dMUmC2Lcb4BbVvnKJxTPjCm+RRpe4gDuGrzkL7mEVl/djYSu2OdQ2Pa302N4oqkSg9ir6jaLWJ2USVpQ=="
    "resolved" "https://registry.npmjs.org/fill-range/-/fill-range-7.0.1.tgz"
    "version" "7.0.1"
    dependencies:
      "to-regex-range" "^5.0.1"
  
  "finalhandler@~1.1.2":
    "integrity" "sha512-aAWcW57uxVNrQZqFXjITpW3sIUQmHGG3qSb9mUah9MgMC4NeWhNOlNjXEYq3HjRAvL6arUviZGGJsBg6z0zsWA=="
    "resolved" "https://registry.npmjs.org/finalhandler/-/finalhandler-1.1.2.tgz"
    "version" "1.1.2"
    dependencies:
      "debug" "2.6.9"
      "encodeurl" "~1.0.2"
      "escape-html" "~1.0.3"
      "on-finished" "~2.3.0"
      "parseurl" "~1.3.3"
      "statuses" "~1.5.0"
      "unpipe" "~1.0.0"
  
  "find-up@5.0.0":
    "integrity" "sha512-78/PXT1wlLLDgTzDs7sjq9hzz0vXD+zn+7wypEe4fXQxCmdmqfGsEPQxmiCSQI3ajFV91bVSsvNtrJRiW6nGng=="
    "resolved" "https://registry.npmjs.org/find-up/-/find-up-5.0.0.tgz"
    "version" "5.0.0"
    dependencies:
      "locate-path" "^6.0.0"
      "path-exists" "^4.0.0"
  
  "flat@^5.0.2":
    "integrity" "sha512-b6suED+5/3rTpUBdG1gupIl8MPFCAMA0QXwmljLhvCUKcUvdE4gWky9zpuGCcXHOsz4J9wPGNWq6OKpmIzz3hQ=="
    "resolved" "https://registry.npmjs.org/flat/-/flat-5.0.2.tgz"
    "version" "5.0.2"
  
  "form-data@^2.3.1":
    "integrity" "sha512-m21N3WOmEEURgk6B9GLOE4RuWOFf28Lhh9qGYeNlGq4VDXUlJy2th2slBNU8Gp8EzloYZOibZJ7t5ecIrFSjVA=="
    "resolved" "https://registry.npmjs.org/form-data/-/form-data-2.5.1.tgz"
    "version" "2.5.1"
    dependencies:
      "asynckit" "^0.4.0"
      "combined-stream" "^1.0.6"
      "mime-types" "^2.1.12"
  
  "formidable@^1.2.0":
    "integrity" "sha512-KcpbcpuLNOwrEjnbpMC0gS+X8ciDoZE1kkqzat4a8vrprf+s9pKNQ/QIwWfbfs4ltgmFl3MD177SNTkve3BwGQ=="
    "resolved" "https://registry.npmjs.org/formidable/-/formidable-1.2.6.tgz"
    "version" "1.2.6"
  
  "forwarded@~0.1.2":
    "integrity" "sha1-mMI9qxF1ZXuMBXPozszZGw/xjIQ="
    "resolved" "https://registry.npmjs.org/forwarded/-/forwarded-0.1.2.tgz"
    "version" "0.1.2"
  
  "fresh@0.5.2":
    "integrity" "sha1-PYyt2Q2XZWn6g1qx+OSyOhBWBac="
    "resolved" "https://registry.npmjs.org/fresh/-/fresh-0.5.2.tgz"
    "version" "0.5.2"
  
  "fs.realpath@^1.0.0":
    "integrity" "sha1-FQStJSMVjKpA20onh8sBQRmU6k8="
    "resolved" "https://registry.npmjs.org/fs.realpath/-/fs.realpath-1.0.0.tgz"
    "version" "1.0.0"
  
  "generate-function@^2.3.1":
    "integrity" "sha512-eeB5GfMNeevm/GRYq20ShmsaGcmI81kIX2K9XQx5miC8KdHaC6Jm0qQ8ZNeGOi7wYB8OsdxKs+Y2oVuTFuVwKQ=="
    "resolved" "https://registry.npmjs.org/generate-function/-/generate-function-2.3.1.tgz"
    "version" "2.3.1"
    dependencies:
      "is-property" "^1.0.2"
  
  "get-caller-file@^2.0.5":
    "integrity" "sha512-DyFP3BM/3YHTQOCUL/w0OZHR0lpKeGrxotcHWcqNEdnltqFwXVfhEBQ94eIo34AfQpo0rGki4cyIiftY06h2Fg=="
    "resolved" "https://registry.npmjs.org/get-caller-file/-/get-caller-file-2.0.5.tgz"
    "version" "2.0.5"
  
  "get-func-name@^2.0.0":
    "integrity" "sha512-Hm0ixYtaSZ/V7C8FJrtZIuBBI+iSgL+1Aq82zSu8VQNB4S3Gk8e7Qs3VwBDJAhmRZcFqkl3tQu36g/Foh5I5ig=="
    "resolved" "https://registry.npmjs.org/get-func-name/-/get-func-name-2.0.0.tgz"
    "version" "2.0.0"
  
  "get-stream@^4.1.0":
    "integrity" "sha512-GMat4EJ5161kIy2HevLlr4luNjBgvmj413KaQA7jt4V8B4RDsfpHk7WQ9GVqfYyyx8OS/L66Kox+rJRNklLK7w=="
    "resolved" "https://registry.npmjs.org/get-stream/-/get-stream-4.1.0.tgz"
    "version" "4.1.0"
    dependencies:
      "pump" "^3.0.0"
  
  "get-stream@^5.1.0":
    "integrity" "sha512-nBF+F1rAZVCu/p7rjzgA+Yb4lfYXrpl7a6VmJrU8wF9I1CKvP/QwPNZHnOlwbTkY6dvtFIzFMSyQXbLoTQPRpA=="
    "resolved" "https://registry.npmjs.org/get-stream/-/get-stream-5.2.0.tgz"
    "version" "5.2.0"
    dependencies:
      "pump" "^3.0.0"
  
  "glob-parent@~5.1.2":
    "integrity" "sha512-AOIgSQCepiJYwP3ARnGx+5VnTu2HBYdzbGP45eLw1vr3zB3vZLeyed1sC9hnbcOc9/SrMyM5RPQrkGz4aS9Zow=="
    "resolved" "https://registry.npmjs.org/glob-parent/-/glob-parent-5.1.2.tgz"
    "version" "5.1.2"
    dependencies:
      "is-glob" "^4.0.1"
  
  "glob@7.2.0":
    "integrity" "sha512-lmLf6gtyrPq8tTjSmrO94wBeQbFR3HbLHbuyD69wuyQkImp2hWqMGB47OX65FBkPffO641IP9jWa1z4ivqG26Q=="
    "resolved" "https://registry.npmjs.org/glob/-/glob-7.2.0.tgz"
    "version" "7.2.0"
    dependencies:
      "fs.realpath" "^1.0.0"
      "inflight" "^1.0.4"
      "inherits" "2"
      "minimatch" "^3.0.4"
      "once" "^1.3.0"
      "path-is-absolute" "^1.0.0"
  
  "global-dirs@^2.0.1":
    "integrity" "sha512-5HqUqdhkEovj2Of/ms3IeS/EekcO54ytHRLV4PEY2rhRwrHXLQjeVEES0Lhka0xwNDtGYn58wyC4s5+MHsOO6A=="
    "resolved" "https://registry.npmjs.org/global-dirs/-/global-dirs-2.0.1.tgz"
    "version" "2.0.1"
    dependencies:
      "ini" "^1.3.5"
  
  "got@^9.6.0":
    "integrity" "sha512-R7eWptXuGYxwijs0eV+v3o6+XH1IqVK8dJOEecQfTmkncw9AV4dcw/Dhxi8MdlqPthxxpZyizMzyg8RTmEsG+Q=="
    "resolved" "https://registry.npmjs.org/got/-/got-9.6.0.tgz"
    "version" "9.6.0"
    dependencies:
      "@sindresorhus/is" "^0.14.0"
      "@szmarczak/http-timer" "^1.1.2"
      "cacheable-request" "^6.0.0"
      "decompress-response" "^3.3.0"
      "duplexer3" "^0.1.4"
      "get-stream" "^4.1.0"
      "lowercase-keys" "^1.0.1"
      "mimic-response" "^1.0.1"
      "p-cancelable" "^1.0.0"
      "to-readable-stream" "^1.0.0"
      "url-parse-lax" "^3.0.0"
  
  "graceful-fs@^4.1.2":
    "integrity" "sha512-WjKPNJF79dtJAVniUlGGWHYGz2jWxT6VhN/4m1NdkbZ2nOsEF+cI1Edgql5zCRhs/VsQYRvrXctxktVXZUkixw=="
    "resolved" "https://registry.npmjs.org/graceful-fs/-/graceful-fs-4.2.4.tgz"
    "version" "4.2.4"
  
  "has-flag@^3.0.0":
    "integrity" "sha1-tdRU3CGZriJWmfNGfloH87lVuv0="
    "resolved" "https://registry.npmjs.org/has-flag/-/has-flag-3.0.0.tgz"
    "version" "3.0.0"
  
  "has-flag@^4.0.0":
    "integrity" "sha512-EykJT/Q1KjTWctppgIAgfSO0tKVuZUjhgMr17kqTumMl6Afv3EISleU7qZUzoXDFTAHTDC4NOoG/ZxU3EvlMPQ=="
    "resolved" "https://registry.npmjs.org/has-flag/-/has-flag-4.0.0.tgz"
    "version" "4.0.0"
  
  "has-yarn@^2.1.0":
    "integrity" "sha512-UqBRqi4ju7T+TqGNdqAO0PaSVGsDGJUBQvk9eUWNGRY1CFGDzYhLWoM7JQEemnlvVcv/YEmc2wNW8BC24EnUsw=="
    "resolved" "https://registry.npmjs.org/has-yarn/-/has-yarn-2.1.0.tgz"
    "version" "2.1.0"
  
  "he@1.2.0":
    "integrity" "sha512-F/1DnUGPopORZi0ni+CvrCgHQ5FyEAHRLSApuYWMmrbSwoN2Mn/7k+Gl38gJnR7yyDZk6WLXwiGod1JOWNDKGw=="
    "resolved" "https://registry.npmjs.org/he/-/he-1.2.0.tgz"
    "version" "1.2.0"
  
  "http-cache-semantics@^4.0.0":
    "integrity" "sha512-carPklcUh7ROWRK7Cv27RPtdhYhUsela/ue5/jKzjegVvXDqM2ILE9Q2BGn9JZJh1g87cp56su/FgQSzcWS8cQ=="
    "resolved" "https://registry.npmjs.org/http-cache-semantics/-/http-cache-semantics-4.1.0.tgz"
    "version" "4.1.0"
  
  "http-errors@~1.7.2", "http-errors@1.7.2":
    "integrity" "sha512-uUQBt3H/cSIVfch6i1EuPNy/YsRSOUBXTVfZ+yR7Zjez3qjBz6i9+i4zjNaoqcoFVI4lQJ5plg63TvGfRSDCRg=="
    "resolved" "https://registry.npmjs.org/http-errors/-/http-errors-1.7.2.tgz"
    "version" "1.7.2"
    dependencies:
      "depd" "~1.1.2"
      "inherits" "2.0.3"
      "setprototypeof" "1.1.1"
      "statuses" ">= 1.5.0 < 2"
      "toidentifier" "1.0.0"
  
  "iconv-lite@^0.6.3":
    "integrity" "sha512-4fCk79wshMdzMp2rH06qWrJE4iolqLhCUH+OiuIgU++RB0+94NlDL81atO7GX55uUKueo0txHNtvEyI6D7WdMw=="
    "resolved" "https://registry.npmjs.org/iconv-lite/-/iconv-lite-0.6.3.tgz"
    "version" "0.6.3"
    dependencies:
      "safer-buffer" ">= 2.1.2 < 3.0.0"
  
  "iconv-lite@0.4.24":
    "integrity" "sha512-v3MXnZAcvnywkTUEZomIActle7RXXeedOR31wwl7VlyoXO4Qi9arvSenNQWne1TcRwhCL1HwLI21bEqdpj8/rA=="
    "resolved" "https://registry.npmjs.org/iconv-lite/-/iconv-lite-0.4.24.tgz"
    "version" "0.4.24"
    dependencies:
      "safer-buffer" ">= 2.1.2 < 3"
  
  "ignore-by-default@^1.0.1":
    "integrity" "sha1-SMptcvbGo68Aqa1K5odr44ieKwk="
    "resolved" "https://registry.npmjs.org/ignore-by-default/-/ignore-by-default-1.0.1.tgz"
    "version" "1.0.1"
  
  "import-lazy@^2.1.0":
    "integrity" "sha1-BWmOPUXIjo1+nZLLBYTnfwlvPkM="
    "resolved" "https://registry.npmjs.org/import-lazy/-/import-lazy-2.1.0.tgz"
    "version" "2.1.0"
  
  "imurmurhash@^0.1.4":
    "integrity" "sha1-khi5srkoojixPcT7a21XbyMUU+o="
    "resolved" "https://registry.npmjs.org/imurmurhash/-/imurmurhash-0.1.4.tgz"
    "version" "0.1.4"
  
  "inflection@1.12.0":
    "integrity" "sha1-ogCTVlbW9fa8TcdQLhrstwMihBY="
    "resolved" "https://registry.npmjs.org/inflection/-/inflection-1.12.0.tgz"
    "version" "1.12.0"
  
  "inflight@^1.0.4":
    "integrity" "sha1-Sb1jMdfQLQwJvJEKEHW6gWW1bfk="
    "resolved" "https://registry.npmjs.org/inflight/-/inflight-1.0.6.tgz"
    "version" "1.0.6"
    dependencies:
      "once" "^1.3.0"
      "wrappy" "1"
  
  "inherits@~2.0.3", "inherits@2", "inherits@2.0.3":
    "integrity" "sha1-Yzwsg+PaQqUC9SRmAiSA9CCCYd4="
    "resolved" "https://registry.npmjs.org/inherits/-/inherits-2.0.3.tgz"
    "version" "2.0.3"
  
  "ini@^1.3.5", "ini@~1.3.0":
    "integrity" "sha512-RZY5huIKCMRWDUqZlEi72f/lmXKMvuszcMBduliQ3nnWbx9X/ZBQO7DijMEYS9EhHBb2qacRUMtC7svLwe0lcw=="
    "resolved" "https://registry.npmjs.org/ini/-/ini-1.3.5.tgz"
    "version" "1.3.5"
  
  "ip-regex@^2.0.0":
    "integrity" "sha512-58yWmlHpp7VYfcdTwMTvwMmqx/Elfxjd9RXTDyMsbL7lLWmhMylLEqiYVLKuLzOZqVgiWXD9MfR62Vv89VRxkw=="
    "resolved" "https://registry.npmjs.org/ip-regex/-/ip-regex-2.1.0.tgz"
    "version" "2.1.0"
  
  "ipaddr.js@1.9.1":
    "integrity" "sha512-0KI/607xoxSToH7GjN1FfSbLoU0+btTicjsQSWQlh/hZykN8KpmMf7uYwPW3R+akZ6R/w18ZlXSHBYXiYUPO3g=="
    "resolved" "https://registry.npmjs.org/ipaddr.js/-/ipaddr.js-1.9.1.tgz"
    "version" "1.9.1"
  
  "is-binary-path@~2.1.0":
    "integrity" "sha512-ZMERYes6pDydyuGidse7OsHxtbI7WVeUEozgR/g7rd0xUimYNlvZRE/K2MgZTjWy725IfelLeVcEM97mmtRGXw=="
    "resolved" "https://registry.npmjs.org/is-binary-path/-/is-binary-path-2.1.0.tgz"
    "version" "2.1.0"
    dependencies:
      "binary-extensions" "^2.0.0"
  
  "is-ci@^2.0.0":
    "integrity" "sha512-YfJT7rkpQB0updsdHLGWrvhBJfcfzNNawYDNIyQXJz0IViGf75O8EBPKSdvw2rF+LGCsX4FZ8tcr3b19LcZq4w=="
    "resolved" "https://registry.npmjs.org/is-ci/-/is-ci-2.0.0.tgz"
    "version" "2.0.0"
    dependencies:
      "ci-info" "^2.0.0"
  
  "is-extglob@^2.1.1":
    "integrity" "sha512-SbKbANkN603Vi4jEZv49LeVJMn4yGwsbzZworEoyEiutsN3nJYdbO36zfhGJ6QEDpOZIFkDtnq5JRxmvl3jsoQ=="
    "resolved" "https://registry.npmjs.org/is-extglob/-/is-extglob-2.1.1.tgz"
    "version" "2.1.1"
  
  "is-fullwidth-code-point@^2.0.0":
    "integrity" "sha1-o7MKXE8ZkYMWeqq5O+764937ZU8="
    "resolved" "https://registry.npmjs.org/is-fullwidth-code-point/-/is-fullwidth-code-point-2.0.0.tgz"
    "version" "2.0.0"
  
  "is-fullwidth-code-point@^3.0.0":
    "integrity" "sha512-zymm5+u+sCsSWyD9qNaejV3DFvhCKclKdizYaJUuHA83RLjb7nSuGnddCHGv0hk+KY7BMAlsWeK4Ueg6EV6XQg=="
    "resolved" "https://registry.npmjs.org/is-fullwidth-code-point/-/is-fullwidth-code-point-3.0.0.tgz"
    "version" "3.0.0"
  
  "is-glob@^4.0.1", "is-glob@~4.0.1":
    "integrity" "sha512-xelSayHH36ZgE7ZWhli7pW34hNbNl8Ojv5KVmkJD4hBdD3th8Tfk9vYasLM+mXWOZhFkgZfxhLSnrwRr4elSSg=="
    "resolved" "https://registry.npmjs.org/is-glob/-/is-glob-4.0.3.tgz"
    "version" "4.0.3"
    dependencies:
      "is-extglob" "^2.1.1"
  
  "is-installed-globally@^0.3.1":
    "integrity" "sha512-wZ8x1js7Ia0kecP/CHM/3ABkAmujX7WPvQk6uu3Fly/Mk44pySulQpnHG46OMjHGXApINnV4QhY3SWnECO2z5g=="
    "resolved" "https://registry.npmjs.org/is-installed-globally/-/is-installed-globally-0.3.2.tgz"
    "version" "0.3.2"
    dependencies:
      "global-dirs" "^2.0.1"
      "is-path-inside" "^3.0.1"
  
  "is-ip@^2.0.0":
    "integrity" "sha512-9MTn0dteHETtyUx8pxqMwg5hMBi3pvlyglJ+b79KOCca0po23337LbVV2Hl4xmMvfw++ljnO0/+5G6G+0Szh6g=="
    "resolved" "https://registry.npmjs.org/is-ip/-/is-ip-2.0.0.tgz"
    "version" "2.0.0"
    dependencies:
      "ip-regex" "^2.0.0"
  
  "is-npm@^4.0.0":
    "integrity" "sha512-96ECIfh9xtDDlPylNPXhzjsykHsMJZ18ASpaWzQyBr4YRTcVjUvzaHayDAES2oU/3KpljhHUjtSRNiDwi0F0ig=="
    "resolved" "https://registry.npmjs.org/is-npm/-/is-npm-4.0.0.tgz"
    "version" "4.0.0"
  
  "is-number@^7.0.0":
    "integrity" "sha512-41Cifkg6e8TylSpdtTpeLVMqvSBEVzTttHvERD741+pnZ8ANv0004MRL43QKPDlK9cGvNp6NZWZUBlbGXYxxng=="
    "resolved" "https://registry.npmjs.org/is-number/-/is-number-7.0.0.tgz"
    "version" "7.0.0"
  
  "is-obj@^2.0.0":
    "integrity" "sha512-drqDG3cbczxxEJRoOXcOjtdp1J/lyp1mNn0xaznRs8+muBhgQcrnbspox5X5fOw0HnMnbfDzvnEMEtqDEJEo8w=="
    "resolved" "https://registry.npmjs.org/is-obj/-/is-obj-2.0.0.tgz"
    "version" "2.0.0"
  
  "is-path-inside@^3.0.1":
    "integrity" "sha512-/2UGPSgmtqwo1ktx8NDHjuPwZWmHhO+gj0f93EkhLB5RgW9RZevWYYlIkS6zePc6U2WpOdQYIwHe9YC4DWEBVg=="
    "resolved" "https://registry.npmjs.org/is-path-inside/-/is-path-inside-3.0.2.tgz"
    "version" "3.0.2"
  
  "is-plain-obj@^2.1.0":
    "integrity" "sha512-YWnfyRwxL/+SsrWYfOpUtz5b3YD+nyfkHvjbcanzk8zgyO4ASD67uVMRt8k5bM4lLMDnXfriRhOpemw+NfT1eA=="
    "resolved" "https://registry.npmjs.org/is-plain-obj/-/is-plain-obj-2.1.0.tgz"
    "version" "2.1.0"
  
  "is-property@^1.0.2":
    "integrity" "sha512-Ks/IoX00TtClbGQr4TWXemAnktAQvYB7HzcCxDGqEZU6oCmb2INHuOoKxbtR+HFkmYWBKv/dOZtGRiAjDhj92g=="
    "resolved" "https://registry.npmjs.org/is-property/-/is-property-1.0.2.tgz"
    "version" "1.0.2"
  
  "is-typedarray@^1.0.0":
    "integrity" "sha1-5HnICFjfDBsR3dppQPlgEfzaSpo="
    "resolved" "https://registry.npmjs.org/is-typedarray/-/is-typedarray-1.0.0.tgz"
    "version" "1.0.0"
  
  "is-unicode-supported@^0.1.0":
    "integrity" "sha512-knxG2q4UC3u8stRGyAVJCOdxFmv5DZiRcdlIaAQXAbSfJya+OhopNotLQrstBhququ4ZpuKbDc/8S6mgXgPFPw=="
    "resolved" "https://registry.npmjs.org/is-unicode-supported/-/is-unicode-supported-0.1.0.tgz"
    "version" "0.1.0"
  
  "is-yarn-global@^0.3.0":
    "integrity" "sha512-VjSeb/lHmkoyd8ryPVIKvOCn4D1koMqY+vqyjjUfc3xyKtP4dYOxM44sZrnqQSzSds3xyOrUTLTC9LVCVgLngw=="
    "resolved" "https://registry.npmjs.org/is-yarn-global/-/is-yarn-global-0.3.0.tgz"
    "version" "0.3.0"
  
  "isarray@~1.0.0":
    "integrity" "sha1-u5NdSFgsuhaMBoNJV6VKPgcSTxE="
    "resolved" "https://registry.npmjs.org/isarray/-/isarray-1.0.0.tgz"
    "version" "1.0.0"
  
  "isarray@0.0.1":
    "integrity" "sha512-D2S+3GLxWH+uhrNEcoh/fnmYeP8E8/zHl644d/jdA0g2uyXvy3sb0qxotE+ne0LtccHknQzWwZEzhak7oJ0COQ=="
    "resolved" "https://registry.npmjs.org/isarray/-/isarray-0.0.1.tgz"
    "version" "0.0.1"
  
  "js-yaml@4.1.0":
    "integrity" "sha512-wpxZs9NoxZaJESJGIZTyDEaYpl0FKSA+FB9aJiyemKhMwkxQg63h4T1KJgUGHpTqPDNRcmmYLugrRjJlBtWvRA=="
    "resolved" "https://registry.npmjs.org/js-yaml/-/js-yaml-4.1.0.tgz"
    "version" "4.1.0"
    dependencies:
      "argparse" "^2.0.1"
  
  "json-buffer@3.0.0":
    "integrity" "sha1-Wx85evx11ne96Lz8Dkfh+aPZqJg="
    "resolved" "https://registry.npmjs.org/json-buffer/-/json-buffer-3.0.0.tgz"
    "version" "3.0.0"
  
  "json-stringify-safe@>= 5 < 6":
    "integrity" "sha512-ZClg6AaYvamvYEE82d3Iyd3vSSIjQ+odgjaTzRuO3s7toCdFKczob2i0zCh7JE8kWn17yvAWhUVxvqGwUalsRA=="
    "resolved" "https://registry.npmjs.org/json-stringify-safe/-/json-stringify-safe-5.0.1.tgz"
    "version" "5.0.1"
  
  "jsonwebtoken@^8.5.1":
    "integrity" "sha512-XjwVfRS6jTMsqYs0EsuJ4LGxXV14zQybNd4L2r0UvbVnSF9Af8x7p5MzbJ90Ioz/9TI41/hTCvznF/loiSzn8w=="
    "resolved" "https://registry.npmjs.org/jsonwebtoken/-/jsonwebtoken-8.5.1.tgz"
    "version" "8.5.1"
    dependencies:
      "jws" "^3.2.2"
      "lodash.includes" "^4.3.0"
      "lodash.isboolean" "^3.0.3"
      "lodash.isinteger" "^4.0.4"
      "lodash.isnumber" "^3.0.3"
      "lodash.isplainobject" "^4.0.6"
      "lodash.isstring" "^4.0.1"
      "lodash.once" "^4.0.0"
      "ms" "^2.1.1"
      "semver" "^5.6.0"
  
  "just-extend@^4.0.2":
    "integrity" "sha512-g3UB796vUFIY90VIv/WX3L2c8CS2MdWUww3CNrYmqza1Fg0DURc2K/O4YrnklBdQarSJ/y8JnJYDGc+1iumQjg=="
    "resolved" "https://registry.npmjs.org/just-extend/-/just-extend-4.2.1.tgz"
    "version" "4.2.1"
  
  "jwa@^1.4.1":
    "integrity" "sha512-qiLX/xhEEFKUAJ6FiBMbes3w9ATzyk5W7Hvzpa/SLYdxNtng+gcurvrI7TbACjIXlsJyr05/S1oUhZrc63evQA=="
    "resolved" "https://registry.npmjs.org/jwa/-/jwa-1.4.1.tgz"
    "version" "1.4.1"
    dependencies:
      "buffer-equal-constant-time" "1.0.1"
      "ecdsa-sig-formatter" "1.0.11"
      "safe-buffer" "^5.0.1"
  
  "jws@^3.2.2":
    "integrity" "sha512-YHlZCB6lMTllWDtSPHz/ZXTsi8S00usEV6v1tjq8tOUZzw7DpSDWVXjXDre6ed1w/pd495ODpHZYSdkRTsa0HA=="
    "resolved" "https://registry.npmjs.org/jws/-/jws-3.2.2.tgz"
    "version" "3.2.2"
    dependencies:
      "jwa" "^1.4.1"
      "safe-buffer" "^5.0.1"
  
  "keyv@^3.0.0":
    "integrity" "sha512-9ykJ/46SN/9KPM/sichzQ7OvXyGDYKGTaDlKMGCAlg2UK8KRy4jb0d8sFc+0Tt0YYnThq8X2RZgCg74RPxgcVA=="
    "resolved" "https://registry.npmjs.org/keyv/-/keyv-3.1.0.tgz"
    "version" "3.1.0"
    dependencies:
      "json-buffer" "3.0.0"
  
  "kindof@>= 2.0.0 < 3":
    "integrity" "sha512-ZjkyNRo87FUdtxtpx/MLmePxaLoAhipw0CSTNgX50S1BQhPnsjkgZ/Vso0tR9pbfrzzQiAn+MSFooZAr/GfUNw=="
    "resolved" "https://registry.npmjs.org/kindof/-/kindof-2.0.0.tgz"
    "version" "2.0.0"
  
  "latest-version@^5.0.0":
    "integrity" "sha512-weT+r0kTkRQdCdYCNtkMwWXQTMEswKrFBkm4ckQOMVhhqhIMI1UT2hMj+1iigIhgSZm5gTmrRXBNoGUgaTY1xA=="
    "resolved" "https://registry.npmjs.org/latest-version/-/latest-version-5.1.0.tgz"
    "version" "5.1.0"
    dependencies:
      "package-json" "^6.3.0"
  
  "locate-path@^6.0.0":
    "integrity" "sha512-iPZK6eYjbxRu3uB4/WZ3EsEIMJFMqAoopl3R+zuq0UjcAm/MO6KCweDgPfP3elTztoKP3KtnVHxTn2NHBSDVUw=="
    "resolved" "https://registry.npmjs.org/locate-path/-/locate-path-6.0.0.tgz"
    "version" "6.0.0"
    dependencies:
      "p-locate" "^5.0.0"
  
  "lodash._createwrapper@^3.0.0":
    "integrity" "sha512-O8fi7P57KZQjtTJN3tbUAJsm6Coo35JVi4OiEU/WV0rrqaWemk+rRB/1ohiIiv1cIK3dIkVhMehaFOFyNZDYkQ=="
    "resolved" "https://registry.npmjs.org/lodash._createwrapper/-/lodash._createwrapper-3.2.0.tgz"
    "version" "3.2.0"
    dependencies:
      "lodash._root" "^3.0.0"
  
  "lodash._root@^3.0.0":
    "integrity" "sha512-O0pWuFSK6x4EXhM1dhZ8gchNtG7JMqBtrHdoUFUWXD7dJnNSUze1GuyQr5sOs0aCvgGeI3o/OJW8f4ca7FDxmQ=="
    "resolved" "https://registry.npmjs.org/lodash._root/-/lodash._root-3.0.1.tgz"
    "version" "3.0.1"
  
  "lodash.includes@^4.3.0":
    "integrity" "sha1-YLuYqHy5I8aMoeUTJUgzFISfVT8="
    "resolved" "https://registry.npmjs.org/lodash.includes/-/lodash.includes-4.3.0.tgz"
    "version" "4.3.0"
  
  "lodash.isboolean@^3.0.3":
    "integrity" "sha1-bC4XHbKiV82WgC/UOwGyDV9YcPY="
    "resolved" "https://registry.npmjs.org/lodash.isboolean/-/lodash.isboolean-3.0.3.tgz"
    "version" "3.0.3"
  
  "lodash.isinteger@^4.0.4":
    "integrity" "sha1-YZwK89A/iwTDH1iChAt3sRzWg0M="
    "resolved" "https://registry.npmjs.org/lodash.isinteger/-/lodash.isinteger-4.0.4.tgz"
    "version" "4.0.4"
  
  "lodash.isnumber@^3.0.3":
    "integrity" "sha1-POdoEMWSjQM1IwGsKHMX8RwLH/w="
    "resolved" "https://registry.npmjs.org/lodash.isnumber/-/lodash.isnumber-3.0.3.tgz"
    "version" "3.0.3"
  
  "lodash.isplainobject@^4.0.6":
    "integrity" "sha1-fFJqUtibRcRcxpC4gWO+BJf1UMs="
    "resolved" "https://registry.npmjs.org/lodash.isplainobject/-/lodash.isplainobject-4.0.6.tgz"
    "version" "4.0.6"
  
  "lodash.isstring@^4.0.1":
    "integrity" "sha1-1SfftUVuynzJu5XV2ur4i6VKVFE="
    "resolved" "https://registry.npmjs.org/lodash.isstring/-/lodash.isstring-4.0.1.tgz"
    "version" "4.0.1"
  
  "lodash.once@^4.0.0":
    "integrity" "sha1-DdOXEhPHxW34gJd9UEyI+0cal6w="
    "resolved" "https://registry.npmjs.org/lodash.once/-/lodash.once-4.1.1.tgz"
    "version" "4.1.1"
  
  "lodash.wrap@>= 3 < 4":
    "integrity" "sha512-DG1m5ZU7tt5HC1c/UnwhTD3gcjMfAm0JvoamALYZDSxEmQlJrGclclL9nh/WmcthxnfYN53UQa7uKYMvBV+RAg=="
    "resolved" "https://registry.npmjs.org/lodash.wrap/-/lodash.wrap-3.0.1.tgz"
    "version" "3.0.1"
    dependencies:
      "lodash._createwrapper" "^3.0.0"
  
  "lodash@^4.17.15":
    "integrity" "sha512-PlhdFcillOINfeV7Ni6oF1TAEayyZBoZ8bcshTHqOYJYlrqzRK5hagpagky5o4HfCzzd1TRkXPMFq6cKk9rGmA=="
    "resolved" "https://registry.npmjs.org/lodash/-/lodash-4.17.20.tgz"
    "version" "4.17.20"
  
  "log-symbols@4.1.0":
    "integrity" "sha512-8XPvpAA8uyhfteu8pIvQxpJZ7SYYdpUivZpGy6sFsBuKRY/7rQGavedeB8aK+Zkyq6upMFVL/9AW6vOYzfRyLg=="
    "resolved" "https://registry.npmjs.org/log-symbols/-/log-symbols-4.1.0.tgz"
    "version" "4.1.0"
    dependencies:
      "chalk" "^4.1.0"
      "is-unicode-supported" "^0.1.0"
  
  "lolex@^4.2.0":
    "integrity" "sha512-gKO5uExCXvSm6zbF562EvM+rd1kQDnB9AZBbiQVzf1ZmdDpxUSvpnAaVOP83N/31mRK8Ml8/VE8DMvsAZQ+7wg=="
    "resolved" "https://registry.npmjs.org/lolex/-/lolex-4.2.0.tgz"
    "version" "4.2.0"
  
  "lolex@^5.0.1":
    "integrity" "sha512-h4hmjAvHTmd+25JSwrtTIuwbKdwg5NzZVRMLn9saij4SZaepCrTCxPr35H/3bjwfMJtN+t3CX8672UIkglz28A=="
    "resolved" "https://registry.npmjs.org/lolex/-/lolex-5.1.2.tgz"
    "version" "5.1.2"
    dependencies:
      "@sinonjs/commons" "^1.7.0"
  
  "long@^4.0.0":
    "integrity" "sha512-XsP+KhQif4bjX1kbuSiySJFNAehNxgLb6hPRGJ9QsUr8ajHkuXGdrHmFUTUUXhDwVX2R5bY4JNZEwbUiMhV+MA=="
    "resolved" "https://registry.npmjs.org/long/-/long-4.0.0.tgz"
    "version" "4.0.0"
  
  "long@^5.2.0":
    "integrity" "sha512-9RTUNjK60eJbx3uz+TEGF7fUr29ZDxR5QzXcyDpeSfeH28S9ycINflOgOlppit5U+4kNTe83KQnMEerw7GmE8w=="
    "resolved" "https://registry.npmjs.org/long/-/long-5.2.0.tgz"
    "version" "5.2.0"
  
  "loupe@^2.3.1":
    "integrity" "sha512-RaPMZKiMy8/JruncMU5Bt6na1eftNoo++R4Y+N2FrxkDVTrGvcyzFTsaGif4QTeKESheMGegbhw6iUAq+5A8zA=="
    "resolved" "https://registry.npmjs.org/loupe/-/loupe-2.3.6.tgz"
    "version" "2.3.6"
    dependencies:
      "get-func-name" "^2.0.0"
  
  "lowercase-keys@^1.0.0", "lowercase-keys@^1.0.1":
    "integrity" "sha512-G2Lj61tXDnVFFOi8VZds+SoQjtQC3dgokKdDG2mTm1tx4m50NUHBOZSBwQQHyy0V12A0JTG4icfZQH+xPyh8VA=="
    "resolved" "https://registry.npmjs.org/lowercase-keys/-/lowercase-keys-1.0.1.tgz"
    "version" "1.0.1"
  
  "lowercase-keys@^2.0.0":
    "integrity" "sha512-tqNXrS78oMOE73NMxK4EMLQsQowWf8jKooH9g7xPavRT706R6bkQJ6DY2Te7QukaZsulxa30wQ7bk0pm4XiHmA=="
    "resolved" "https://registry.npmjs.org/lowercase-keys/-/lowercase-keys-2.0.0.tgz"
    "version" "2.0.0"
  
  "lru-cache@^4.1.3":
    "integrity" "sha512-sWZlbEP2OsHNkXrMl5GYk/jKk70MBng6UU4YI/qGDYbgf6YbP4EvmqISbXCoJiRKs+1bSpFHVgQxvJ17F2li5g=="
    "resolved" "https://registry.npmjs.org/lru-cache/-/lru-cache-4.1.5.tgz"
    "version" "4.1.5"
    dependencies:
      "pseudomap" "^1.0.2"
      "yallist" "^2.1.2"
  
  "lru-cache@^6.0.0":
    "integrity" "sha512-Jo6dJ04CmSjuznwJSS3pUeWmd/H0ffTlkXXgwZi+eq1UCmqQwCh+eLsYOYCwY991i2Fah4h1BEMCx4qThGbsiA=="
    "resolved" "https://registry.npmjs.org/lru-cache/-/lru-cache-6.0.0.tgz"
    "version" "6.0.0"
    dependencies:
      "yallist" "^4.0.0"
  
  "make-dir@^3.0.0":
    "integrity" "sha512-g3FeP20LNwhALb/6Cz6Dd4F2ngze0jz7tbzrD2wAV+o9FeNHe4rL+yK2md0J/fiSf1sa1ADhXqi5+oVwOM/eGw=="
    "resolved" "https://registry.npmjs.org/make-dir/-/make-dir-3.1.0.tgz"
    "version" "3.1.0"
    dependencies:
      "semver" "^6.0.0"
  
  "mariadb@^2.5.6":
    "integrity" "sha512-zBx7loYY5GzLl8Y6AKxGXfY9DUYIIdGrmEORPOK9FEu0pg5ZLBKCGJuucHwKADxTBxKY7eM4rxndqxRcnMZKIw=="
    "resolved" "https://registry.npmjs.org/mariadb/-/mariadb-2.5.6.tgz"
    "version" "2.5.6"
    dependencies:
      "@types/geojson" "^7946.0.8"
      "@types/node" "^17.0.10"
      "denque" "^2.0.1"
      "iconv-lite" "^0.6.3"
      "long" "^5.2.0"
      "moment-timezone" "^0.5.34"
      "please-upgrade-node" "^3.2.0"
  
  "media-typer@0.3.0":
    "integrity" "sha1-hxDXrwqmJvj/+hzgAWhUUmMlV0g="
    "resolved" "https://registry.npmjs.org/media-typer/-/media-typer-0.3.0.tgz"
    "version" "0.3.0"
  
  "merge-descriptors@1.0.1":
    "integrity" "sha1-sAqqVW3YtEVoFQ7J0blT8/kMu2E="
    "resolved" "https://registry.npmjs.org/merge-descriptors/-/merge-descriptors-1.0.1.tgz"
    "version" "1.0.1"
  
  "methods@^1.1.1", "methods@^1.1.2", "methods@~1.1.2":
    "integrity" "sha1-VSmk1nZUE07cxSZmVoNbD4Ua/O4="
    "resolved" "https://registry.npmjs.org/methods/-/methods-1.1.2.tgz"
    "version" "1.1.2"
  
  "mime-db@1.44.0":
    "integrity" "sha512-/NOTfLrsPBVeH7YtFPgsVWveuL+4SjjYxaQ1xtM1KMFj7HdxlBlxeyNLzhyJVx7r4rZGJAZ/6lkKCitSc/Nmpg=="
    "resolved" "https://registry.npmjs.org/mime-db/-/mime-db-1.44.0.tgz"
    "version" "1.44.0"
  
  "mime-types@^2.1.12", "mime-types@~2.1.24":
    "integrity" "sha512-JIhqnCasI9yD+SsmkquHBxTSEuZdQX5BuQnS2Vc7puQQQ+8yiP5AY5uWhpdv4YL4VM5c6iliiYWPgJ/nJQLp7w=="
    "resolved" "https://registry.npmjs.org/mime-types/-/mime-types-2.1.27.tgz"
    "version" "2.1.27"
    dependencies:
      "mime-db" "1.44.0"
  
  "mime@^1.4.1", "mime@1.6.0":
    "integrity" "sha512-x0Vn8spI+wuJ1O6S7gnbaQg8Pxh4NNHb7KSINmEWKiPE4RKOplvijn+NkmYmmRgP68mc70j2EbeTFRsrswaQeg=="
    "resolved" "https://registry.npmjs.org/mime/-/mime-1.6.0.tgz"
    "version" "1.6.0"
  
  "mimic-response@^1.0.0", "mimic-response@^1.0.1":
    "integrity" "sha512-j5EctnkH7amfV/q5Hgmoal1g2QHFJRraOtmx0JpIqkxhBhI/lJSl1nMpQ45hVarwNETOoWEimndZ4QK0RHxuxQ=="
    "resolved" "https://registry.npmjs.org/mimic-response/-/mimic-response-1.0.1.tgz"
    "version" "1.0.1"
  
  "minimatch@^3.0.4":
    "integrity" "sha512-yJHVQEhyqPLUTgt9B83PXu6W3rx4MvvHvSUvToogpwoGDOUQ+yDrR0HRot+yOCdCO7u4hX3pWft6kWBBcqh0UA=="
    "resolved" "https://registry.npmjs.org/minimatch/-/minimatch-3.0.4.tgz"
    "version" "3.0.4"
    dependencies:
      "brace-expansion" "^1.1.7"
  
  "minimatch@5.0.1":
    "integrity" "sha512-nLDxIFRyhDblz3qMuq+SoRZED4+miJ/G+tdDrjkkkRnjAsBexeGpgjLEQ0blJy7rHhR2b93rhQY4SvyWu9v03g=="
    "resolved" "https://registry.npmjs.org/minimatch/-/minimatch-5.0.1.tgz"
    "version" "5.0.1"
    dependencies:
      "brace-expansion" "^2.0.1"
  
  "minimist@^1.2.0":
    "integrity" "sha512-FM9nNUYrRBAELZQT3xeZQ7fmMOBg6nWNmJKTcgsJeaLstP/UODVpGsr5OhXhhXg6f+qtJ8uiZ+PUxkDWcgIXLw=="
    "resolved" "https://registry.npmjs.org/minimist/-/minimist-1.2.5.tgz"
    "version" "1.2.5"
  
  "mocha@^10.1.0":
    "integrity" "sha512-vUF7IYxEoN7XhQpFLxQAEMtE4W91acW4B6En9l97MwE9stL1A9gusXfoHZCLVHDUJ/7V5+lbCM6yMqzo5vNymg=="
    "resolved" "https://registry.npmjs.org/mocha/-/mocha-10.1.0.tgz"
    "version" "10.1.0"
    dependencies:
      "ansi-colors" "4.1.1"
      "browser-stdout" "1.3.1"
      "chokidar" "3.5.3"
      "debug" "4.3.4"
      "diff" "5.0.0"
      "escape-string-regexp" "4.0.0"
      "find-up" "5.0.0"
      "glob" "7.2.0"
      "he" "1.2.0"
      "js-yaml" "4.1.0"
      "log-symbols" "4.1.0"
      "minimatch" "5.0.1"
      "ms" "2.1.3"
      "nanoid" "3.3.3"
      "serialize-javascript" "6.0.0"
      "strip-json-comments" "3.1.1"
      "supports-color" "8.1.1"
      "workerpool" "6.2.1"
      "yargs" "16.2.0"
      "yargs-parser" "20.2.4"
      "yargs-unparser" "2.0.0"
  
  "moment-timezone@^0.5.31", "moment-timezone@^0.5.34":
    "integrity" "sha512-3zAEHh2hKUs3EXLESx/wsgw6IQdusOT8Bxm3D9UrHPQR7zlMmzwybC8zHEM1tQ4LJwP7fcxrWr8tuBg05fFCbg=="
    "resolved" "https://registry.npmjs.org/moment-timezone/-/moment-timezone-0.5.34.tgz"
    "version" "0.5.34"
    dependencies:
      "moment" ">= 2.9.0"
  
  "moment@^2.26.0", "moment@>= 2.9.0":
    "integrity" "sha512-Z5KOjYmnHyd/ukynmFd/WwyXHd7L4J9vTI/nn5Ap9AVUgaAE15VvQ9MOGmJJygEUklupqIrFnor/tjTwRU+tQw=="
    "resolved" "https://registry.npmjs.org/moment/-/moment-2.28.0.tgz"
    "version" "2.28.0"
  
  "ms@^2.1.1":
    "integrity" "sha512-sGkPx+VjMtmA6MX27oA4FBFELFCZZ4S4XqeGOXCv68tT+jb3vk/RyaKWP0PTKyWtmLSM0b+adUTEvbs1PEaH2w=="
    "resolved" "https://registry.npmjs.org/ms/-/ms-2.1.2.tgz"
    "version" "2.1.2"
  
  "ms@2.0.0":
    "integrity" "sha1-VgiurfwAvmwpAd9fmGF4jeDVl8g="
    "resolved" "https://registry.npmjs.org/ms/-/ms-2.0.0.tgz"
    "version" "2.0.0"
  
  "ms@2.1.1":
    "integrity" "sha512-tgp+dl5cGk28utYktBsrFqA7HKgrhgPsg6Z/EfhWI4gl1Hwq8B/GmY/0oXZ6nF8hDVesS/FpnYaD/kOWhYQvyg=="
    "resolved" "https://registry.npmjs.org/ms/-/ms-2.1.1.tgz"
    "version" "2.1.1"
  
  "ms@2.1.2":
    "integrity" "sha512-sGkPx+VjMtmA6MX27oA4FBFELFCZZ4S4XqeGOXCv68tT+jb3vk/RyaKWP0PTKyWtmLSM0b+adUTEvbs1PEaH2w=="
    "resolved" "https://registry.npmjs.org/ms/-/ms-2.1.2.tgz"
    "version" "2.1.2"
  
  "ms@2.1.3":
    "integrity" "sha512-6FlzubTLZG3J2a/NVCAleEhjzq5oxgHyaCU9yYXvcLsvoVaHJq/s5xXI6/XXP6tz7R9xAOtHnSO/tXtF3WRTlA=="
    "resolved" "https://registry.npmjs.org/ms/-/ms-2.1.3.tgz"
    "version" "2.1.3"
  
  "must@^0.13.4":
    "integrity" "sha512-5RUPT4WINrrzxC0TuOvoBFJocOAaSnhu2r+98GYYGZRcYQla4QZInNVmAnRXtveceibc1RDSP16dwKMnMJhr4Q=="
    "resolved" "https://registry.npmjs.org/must/-/must-0.13.4.tgz"
    "version" "0.13.4"
    dependencies:
      "egal" ">= 1.3.0 < 2"
      "json-stringify-safe" ">= 5 < 6"
      "kindof" ">= 2.0.0 < 3"
      "lodash.wrap" ">= 3 < 4"
      "oolong" ">= 1.11.0 < 2"
  
  "mysql@^2.18.1":
    "integrity" "sha512-Bca+gk2YWmqp2Uf6k5NFEurwY/0td0cpebAucFpY/3jhrwrVGuxU2uQFCHjU19SJfje0yQvi+rVWdq78hR5lig=="
    "resolved" "https://registry.npmjs.org/mysql/-/mysql-2.18.1.tgz"
    "version" "2.18.1"
    dependencies:
      "bignumber.js" "9.0.0"
      "readable-stream" "2.3.7"
      "safe-buffer" "5.1.2"
      "sqlstring" "2.3.1"
  
  "mysql2@^2.3.3":
    "integrity" "sha512-wxJUev6LgMSgACDkb/InIFxDprRa6T95+VEoR+xPvtngtccNH2dGjEB/fVZ8yg1gWv1510c9CvXuJHi5zUm0ZA=="
    "resolved" "https://registry.npmjs.org/mysql2/-/mysql2-2.3.3.tgz"
    "version" "2.3.3"
    dependencies:
      "denque" "^2.0.1"
      "generate-function" "^2.3.1"
      "iconv-lite" "^0.6.3"
      "long" "^4.0.0"
      "lru-cache" "^6.0.0"
      "named-placeholders" "^1.1.2"
      "seq-queue" "^0.0.5"
      "sqlstring" "^2.3.2"
  
  "named-placeholders@^1.1.2":
    "integrity" "sha512-wiFWqxoLL3PGVReSZpjLVxyJ1bRqe+KKJVbr4hGs1KWfTZTQyezHFBbuKj9hsizHyGV2ne7EMjHdxEGAybD5SA=="
    "resolved" "https://registry.npmjs.org/named-placeholders/-/named-placeholders-1.1.2.tgz"
    "version" "1.1.2"
    dependencies:
      "lru-cache" "^4.1.3"
  
  "nanoid@3.3.3":
    "integrity" "sha512-p1sjXuopFs0xg+fPASzQ28agW1oHD7xDsd9Xkf3T15H3c/cifrFHVwrh74PdoklAPi+i7MdRsE47vm2r6JoB+w=="
    "resolved" "https://registry.npmjs.org/nanoid/-/nanoid-3.3.3.tgz"
    "version" "3.3.3"
  
  "negotiator@0.6.2":
    "integrity" "sha512-hZXc7K2e+PgeI1eDBe/10Ard4ekbfrrqG8Ep+8Jmf4JID2bNg7NvCPOZN+kfF574pFQI7mum2AUqDidoKqcTOw=="
    "resolved" "https://registry.npmjs.org/negotiator/-/negotiator-0.6.2.tgz"
    "version" "0.6.2"
  
  "nise@^1.5.2":
    "integrity" "sha512-Ymbac/94xeIrMf59REBPOv0thr+CJVFMhrlAkW/gjCIE58BGQdCj0x7KRCb3yz+Ga2Rz3E9XXSvUyyxqqhjQAQ=="
    "resolved" "https://registry.npmjs.org/nise/-/nise-1.5.3.tgz"
    "version" "1.5.3"
    dependencies:
      "@sinonjs/formatio" "^3.2.1"
      "@sinonjs/text-encoding" "^0.7.1"
      "just-extend" "^4.0.2"
      "lolex" "^5.0.1"
      "path-to-regexp" "^1.7.0"
  
  "node_env@^0.0.3":
    "integrity" "sha512-TzBNCF0/45pVoXnraWgwdJ1X0ADWV1GkKOLQY9VUvcQ6limiKhTARdHuSxE0pu1qVnmXaU0vn2dFWHSRdDyqlQ=="
    "resolved" "https://registry.npmjs.org/node_env/-/node_env-0.0.3.tgz"
    "version" "0.0.3"
  
  "nodemon@^2.0.6":
    "integrity" "sha512-4I3YDSKXg6ltYpcnZeHompqac4E6JeAMpGm8tJnB9Y3T0ehasLa4139dJOcCrB93HHrUMsCrKtoAlXTqT5n4AQ=="
    "resolved" "https://registry.npmjs.org/nodemon/-/nodemon-2.0.6.tgz"
    "version" "2.0.6"
    dependencies:
      "chokidar" "^3.2.2"
      "debug" "^3.2.6"
      "ignore-by-default" "^1.0.1"
      "minimatch" "^3.0.4"
      "pstree.remy" "^1.1.7"
      "semver" "^5.7.1"
      "supports-color" "^5.5.0"
      "touch" "^3.1.0"
      "undefsafe" "^2.0.3"
      "update-notifier" "^4.1.0"
  
  "noder.io@>= 1.0.0 < 2.0.0":
    "integrity" "sha512-CC8J7QdQYeZeR4e0a1LcqP4+PvVmOBWO4m0mKOnKmIxn4S/+TnBkGhrq69uOHSw4k5899PLJhstkzz7ErKJAkQ=="
    "resolved" "https://registry.npmjs.org/noder.io/-/noder.io-1.2.0.tgz"
    "version" "1.2.0"
  
  "nopt@~1.0.10":
    "integrity" "sha1-bd0hvSoxQXuScn3Vhfim83YI6+4="
    "resolved" "https://registry.npmjs.org/nopt/-/nopt-1.0.10.tgz"
    "version" "1.0.10"
    dependencies:
      "abbrev" "1"
  
  "normalize-path@^3.0.0", "normalize-path@~3.0.0":
    "integrity" "sha512-6eZs5Ls3WtCisHWp9S2GUy8dqkpGi4BVSz3GaqiE6ezub0512ESztXUwUB6C6IKbQkY2Pnb/mD4WYojCRwcwLA=="
    "resolved" "https://registry.npmjs.org/normalize-path/-/normalize-path-3.0.0.tgz"
    "version" "3.0.0"
  
  "normalize-url@^4.1.0":
    "integrity" "sha512-2s47yzUxdexf1OhyRi4Em83iQk0aPvwTddtFz4hnSSw9dCEsLEGf6SwIO8ss/19S9iBb5sJaOuTvTGDeZI00BQ=="
    "resolved" "https://registry.npmjs.org/normalize-url/-/normalize-url-4.5.0.tgz"
    "version" "4.5.0"
  
  "object-assign@^4":
    "integrity" "sha1-IQmtx5ZYh8/AXLvUQsrIv7s2CGM="
    "resolved" "https://registry.npmjs.org/object-assign/-/object-assign-4.1.1.tgz"
    "version" "4.1.1"
  
  "on-finished@~2.3.0":
    "integrity" "sha1-IPEzZIGwg811M3mSoWlxqi2QaUc="
    "resolved" "https://registry.npmjs.org/on-finished/-/on-finished-2.3.0.tgz"
    "version" "2.3.0"
    dependencies:
      "ee-first" "1.1.1"
  
  "once@^1.3.0", "once@^1.3.1", "once@^1.4.0":
    "integrity" "sha1-WDsap3WWHUsROsF9nFC6753Xa9E="
    "resolved" "https://registry.npmjs.org/once/-/once-1.4.0.tgz"
    "version" "1.4.0"
    dependencies:
      "wrappy" "1"
  
  "oolong@>= 1.11.0 < 2":
    "integrity" "sha512-I2XTx2/q8CsAXrAnoczmX0uSP5jIh7wQmLnVRcRLynYepaBPQ/p0nGLloO2Q5Lek6T5Gglnkb/SaEYLQrAWR3g=="
    "resolved" "https://registry.npmjs.org/oolong/-/oolong-1.15.1.tgz"
    "version" "1.15.1"
  
  "p-cancelable@^1.0.0":
    "integrity" "sha512-s73XxOZ4zpt1edZYZzvhqFa6uvQc1vwUa0K0BdtIZgQMAJj9IbebH+JkgKZc9h+B05PKHLOTl4ajG1BmNrVZlw=="
    "resolved" "https://registry.npmjs.org/p-cancelable/-/p-cancelable-1.1.0.tgz"
    "version" "1.1.0"
  
  "p-limit@^3.0.2":
    "integrity" "sha512-TYOanM3wGwNGsZN2cVTYPArw454xnXj5qmWF1bEoAc4+cU/ol7GVh7odevjp1FNHduHc3KZMcFduxU5Xc6uJRQ=="
    "resolved" "https://registry.npmjs.org/p-limit/-/p-limit-3.1.0.tgz"
    "version" "3.1.0"
    dependencies:
      "yocto-queue" "^0.1.0"
  
  "p-locate@^5.0.0":
    "integrity" "sha512-LaNjtRWUBY++zB5nE/NwcaoMylSPk+S+ZHNB1TzdbMJMny6dynpAGt7X/tl/QYq3TIeE6nxHppbo2LGymrG5Pw=="
    "resolved" "https://registry.npmjs.org/p-locate/-/p-locate-5.0.0.tgz"
    "version" "5.0.0"
    dependencies:
      "p-limit" "^3.0.2"
  
  "package-json@^6.3.0":
    "integrity" "sha512-k3bdm2n25tkyxcjSKzB5x8kfVxlMdgsbPr0GkZcwHsLpba6cBjqCt1KlcChKEvxHIcTB1FVMuwoijZ26xex5MQ=="
    "resolved" "https://registry.npmjs.org/package-json/-/package-json-6.5.0.tgz"
    "version" "6.5.0"
    dependencies:
      "got" "^9.6.0"
      "registry-auth-token" "^4.0.0"
      "registry-url" "^5.0.0"
      "semver" "^6.2.0"
  
  "parseurl@~1.3.2", "parseurl@~1.3.3":
    "integrity" "sha512-CiyeOxFT/JZyN5m0z9PfXw4SCBJ6Sygz1Dpl0wqjlhDEGGBP1GnsUVEL0p63hoG1fcj3fHynXi9NYO4nWOL+qQ=="
    "resolved" "https://registry.npmjs.org/parseurl/-/parseurl-1.3.3.tgz"
    "version" "1.3.3"
  
  "path-exists@^4.0.0":
    "integrity" "sha512-ak9Qy5Q7jYb2Wwcey5Fpvg2KoAc/ZIhLSLOSBmRmygPsGwkVVt0fZa0qrtMz+m6tJTAHfZQ8FnmB4MG4LWy7/w=="
    "resolved" "https://registry.npmjs.org/path-exists/-/path-exists-4.0.0.tgz"
    "version" "4.0.0"
  
  "path-is-absolute@^1.0.0":
    "integrity" "sha1-F0uSaHNVNP+8es5r9TpanhtcX18="
    "resolved" "https://registry.npmjs.org/path-is-absolute/-/path-is-absolute-1.0.1.tgz"
    "version" "1.0.1"
  
  "path-to-regexp@^1.7.0":
    "integrity" "sha512-n43JRhlUKUAlibEJhPeir1ncUID16QnEjNpwzNdO3Lm4ywrBpBZ5oLD0I6br9evr1Y9JTqwRtAh7JLoOzAQdVA=="
    "resolved" "https://registry.npmjs.org/path-to-regexp/-/path-to-regexp-1.8.0.tgz"
    "version" "1.8.0"
    dependencies:
      "isarray" "0.0.1"
  
  "path-to-regexp@0.1.7":
    "integrity" "sha1-32BBeABfUi8V60SQ5yR6G/qmf4w="
    "resolved" "https://registry.npmjs.org/path-to-regexp/-/path-to-regexp-0.1.7.tgz"
    "version" "0.1.7"
  
  "pathval@^1.1.1":
    "integrity" "sha512-Dp6zGqpTdETdR63lehJYPeIOqpiNBNtc7BpWSLrOje7UaIsE5aY92r/AunQA7rsXvet3lrJ3JnZX29UPTKXyKQ=="
    "resolved" "https://registry.npmjs.org/pathval/-/pathval-1.1.1.tgz"
    "version" "1.1.1"
  
  "picomatch@^2.0.4", "picomatch@^2.2.1":
    "integrity" "sha512-JU3teHTNjmE2VCGFzuY8EXzCDVwEqB2a8fsIvwaStHhAWJEeVd1o1QD80CU6+ZdEXXSLbSsuLwJjkCBWqRQUVA=="
    "resolved" "https://registry.npmjs.org/picomatch/-/picomatch-2.3.1.tgz"
    "version" "2.3.1"
  
  "please-upgrade-node@^3.2.0":
    "integrity" "sha512-gQR3WpIgNIKwBMVLkpMUeR3e1/E1y42bqDQZfql+kDeXd8COYfM8PQA4X6y7a8u9Ua9FHmsrrmirW2vHs45hWg=="
    "resolved" "https://registry.npmjs.org/please-upgrade-node/-/please-upgrade-node-3.2.0.tgz"
    "version" "3.2.0"
    dependencies:
      "semver-compare" "^1.0.0"
  
  "prepend-http@^2.0.0":
    "integrity" "sha1-6SQ0v6XqjBn0HN/UAddBo8gZ2Jc="
    "resolved" "https://registry.npmjs.org/prepend-http/-/prepend-http-2.0.0.tgz"
    "version" "2.0.0"
  
  "process-nextick-args@~2.0.0":
    "integrity" "sha512-3ouUOpQhtgrbOa17J7+uxOTpITYWaGP7/AhoR3+A+/1e9skrzelGi/dXzEYyvbxubEF6Wn2ypscTKiKJFFn1ag=="
    "resolved" "https://registry.npmjs.org/process-nextick-args/-/process-nextick-args-2.0.1.tgz"
    "version" "2.0.1"
  
  "proxy-addr@~2.0.5":
    "integrity" "sha512-dh/frvCBVmSsDYzw6n926jv974gddhkFPfiN8hPOi30Wax25QZyZEGveluCgliBnqmuM+UJmBErbAUFIoDbjOw=="
    "resolved" "https://registry.npmjs.org/proxy-addr/-/proxy-addr-2.0.6.tgz"
    "version" "2.0.6"
    dependencies:
      "forwarded" "~0.1.2"
      "ipaddr.js" "1.9.1"
  
  "pseudomap@^1.0.2":
    "integrity" "sha512-b/YwNhb8lk1Zz2+bXXpS/LK9OisiZZ1SNsSLxN1x2OXVEhW2Ckr/7mWE5vrC1ZTiJlD9g19jWszTmJsB+oEpFQ=="
    "resolved" "https://registry.npmjs.org/pseudomap/-/pseudomap-1.0.2.tgz"
    "version" "1.0.2"
  
  "pstree.remy@^1.1.7":
    "integrity" "sha512-77DZwxQmxKnu3aR542U+X8FypNzbfJ+C5XQDk3uWjWxn6151aIMGthWYRXTqT1E5oJvg+ljaa2OJi+VfvCOQ8w=="
    "resolved" "https://registry.npmjs.org/pstree.remy/-/pstree.remy-1.1.8.tgz"
    "version" "1.1.8"
  
  "pump@^3.0.0":
    "integrity" "sha512-LwZy+p3SFs1Pytd/jYct4wpv49HiYCqd9Rlc5ZVdk0V+8Yzv6jR5Blk3TRmPL1ft69TxP0IMZGJ+WPFU2BFhww=="
    "resolved" "https://registry.npmjs.org/pump/-/pump-3.0.0.tgz"
    "version" "3.0.0"
    dependencies:
      "end-of-stream" "^1.1.0"
      "once" "^1.3.1"
  
  "pupa@^2.0.1":
    "integrity" "sha512-l1jNAspIBSFqbT+y+5FosojNpVpF94nlI+wDUpqP9enwOTfHx9f0gh5nB96vl+6yTpsJsypeNrwfzPrKuHB41A=="
    "resolved" "https://registry.npmjs.org/pupa/-/pupa-2.1.1.tgz"
    "version" "2.1.1"
    dependencies:
      "escape-goat" "^2.0.0"
  
  "qs@^6.5.1", "qs@6.7.0":
    "integrity" "sha512-VCdBRNFTX1fyE7Nb6FYoURo/SPe62QCaAyzJvUjwRaIsc+NePBEniHlvxFmmX56+HZphIGtV0XeCirBtpDrTyQ=="
    "resolved" "https://registry.npmjs.org/qs/-/qs-6.7.0.tgz"
    "version" "6.7.0"
  
  "randombytes@^2.1.0":
    "integrity" "sha512-vYl3iOX+4CKUWuxGi9Ukhie6fsqXqS9FE2Zaic4tNFD2N2QQaXOMFbuKK4QmDHC0JO6B1Zp41J0LpT0oR68amQ=="
    "resolved" "https://registry.npmjs.org/randombytes/-/randombytes-2.1.0.tgz"
    "version" "2.1.0"
    dependencies:
      "safe-buffer" "^5.1.0"
  
  "range-parser@~1.2.1":
    "integrity" "sha512-Hrgsx+orqoygnmhFbKaHE6c296J+HTAQXoxEF6gNupROmmGJRoyzfG3ccAveqCBrwr/2yxQ5BVd/GTl5agOwSg=="
    "resolved" "https://registry.npmjs.org/range-parser/-/range-parser-1.2.1.tgz"
    "version" "1.2.1"
  
  "raw-body@2.4.0":
    "integrity" "sha512-4Oz8DUIwdvoa5qMJelxipzi/iJIi40O5cGV1wNYp5hvZP8ZN0T+jiNkL0QepXs+EsQ9XJ8ipEDoiH70ySUJP3Q=="
    "resolved" "https://registry.npmjs.org/raw-body/-/raw-body-2.4.0.tgz"
    "version" "2.4.0"
    dependencies:
      "bytes" "3.1.0"
      "http-errors" "1.7.2"
      "iconv-lite" "0.4.24"
      "unpipe" "1.0.0"
  
  "rc@^1.2.8":
    "integrity" "sha512-y3bGgqKj3QBdxLbLkomlohkvsA8gdAiUQlSBJnBhfn+BPxg4bc62d8TcBW15wavDfgexCgccckhcZvywyQYPOw=="
    "resolved" "https://registry.npmjs.org/rc/-/rc-1.2.8.tgz"
    "version" "1.2.8"
    dependencies:
      "deep-extend" "^0.6.0"
      "ini" "~1.3.0"
      "minimist" "^1.2.0"
      "strip-json-comments" "~2.0.1"
  
  "readable-stream@^2.3.5", "readable-stream@2.3.7":
    "integrity" "sha512-Ebho8K4jIbHAxnuxi7o42OrZgF/ZTNcsZj6nRKyUmkhLFq8CHItp/fy6hQZuZmP/n3yZ9VBUbp4zz/mX8hmYPw=="
    "resolved" "https://registry.npmjs.org/readable-stream/-/readable-stream-2.3.7.tgz"
    "version" "2.3.7"
    dependencies:
      "core-util-is" "~1.0.0"
      "inherits" "~2.0.3"
      "isarray" "~1.0.0"
      "process-nextick-args" "~2.0.0"
      "safe-buffer" "~5.1.1"
      "string_decoder" "~1.1.1"
      "util-deprecate" "~1.0.1"
  
  "readdirp@~3.6.0":
    "integrity" "sha512-hOS089on8RduqdbhvQ5Z37A0ESjsqz6qnRcffsMU3495FuTdqSm+7bhJ29JvIOsBDEEnan5DPu9t3To9VRlMzA=="
    "resolved" "https://registry.npmjs.org/readdirp/-/readdirp-3.6.0.tgz"
    "version" "3.6.0"
    dependencies:
      "picomatch" "^2.2.1"
  
  "registry-auth-token@^4.0.0":
    "integrity" "sha512-P+lWzPrsgfN+UEpDS3U8AQKg/UjZX6mQSJueZj3EK+vNESoqBSpBUD3gmu4sF9lOsjXWjF11dQKUqemf3veq1w=="
    "resolved" "https://registry.npmjs.org/registry-auth-token/-/registry-auth-token-4.2.0.tgz"
    "version" "4.2.0"
    dependencies:
      "rc" "^1.2.8"
  
  "registry-url@^5.0.0":
    "integrity" "sha512-8acYXXTI0AkQv6RAOjE3vOaIXZkT9wo4LOFbBKYQEEnnMNBpKqdUrI6S4NT0KPIo/WVvJ5tE/X5LF/TQUf0ekw=="
    "resolved" "https://registry.npmjs.org/registry-url/-/registry-url-5.1.0.tgz"
    "version" "5.1.0"
    dependencies:
      "rc" "^1.2.8"
  
  "require-directory@^2.1.1":
    "integrity" "sha512-fGxEI7+wsG9xrvdjsrlmL22OMTTiHRwAMroiEeMgq8gzoLC/PQr7RsRDSTLUg/bZAZtF+TVIkHc6/4RIKrui+Q=="
    "resolved" "https://registry.npmjs.org/require-directory/-/require-directory-2.1.1.tgz"
    "version" "2.1.1"
  
  "responselike@^1.0.2":
    "integrity" "sha1-kYcg7ztjHFZCvgaPFa3lpG9Loec="
    "resolved" "https://registry.npmjs.org/responselike/-/responselike-1.0.2.tgz"
    "version" "1.0.2"
    dependencies:
      "lowercase-keys" "^1.0.0"
  
  "retry-as-promised@^3.2.0":
    "integrity" "sha512-CybGs60B7oYU/qSQ6kuaFmRd9sTZ6oXSc0toqePvV74Ac6/IFZSI1ReFQmtCN+uvW1Mtqdwpvt/LGOiCBAY2Mg=="
    "resolved" "https://registry.npmjs.org/retry-as-promised/-/retry-as-promised-3.2.0.tgz"
    "version" "3.2.0"
    dependencies:
      "any-promise" "^1.3.0"
  
  "safe-buffer@^5.0.1", "safe-buffer@^5.1.0", "safe-buffer@~5.1.0", "safe-buffer@~5.1.1", "safe-buffer@5.1.2":
    "integrity" "sha512-Gd2UZBJDkXlY7GbJxfsE8/nvKkUEU1G38c1siN6QP6a9PT9MmHB8GnpscSmMJSoF8LOIrt8ud/wPtojys4G6+g=="
    "resolved" "https://registry.npmjs.org/safe-buffer/-/safe-buffer-5.1.2.tgz"
    "version" "5.1.2"
  
  "safe-buffer@5.1.1":
    "integrity" "sha512-kKvNJn6Mm93gAczWVJg7wH+wGYWNrDHdWvpUmHyEsgCtIwwo3bqPtV4tR5tuPaUhTOo/kvhVwd8XwwOllGYkbg=="
    "resolved" "https://registry.npmjs.org/safe-buffer/-/safe-buffer-5.1.1.tgz"
    "version" "5.1.1"
  
  "safer-buffer@>= 2.1.2 < 3", "safer-buffer@>= 2.1.2 < 3.0.0":
    "integrity" "sha512-YZo3K82SD7Riyi0E1EQPojLz7kpepnSQI9IyPbHHg1XXXevb5dJI7tpyN2ADxGcQbHG7vcyRHk0cbwqcQriUtg=="
    "resolved" "https://registry.npmjs.org/safer-buffer/-/safer-buffer-2.1.2.tgz"
    "version" "2.1.2"
  
  "semver-compare@^1.0.0":
    "integrity" "sha1-De4hahyUGrN+nvsXiPavxf9VN/w="
    "resolved" "https://registry.npmjs.org/semver-compare/-/semver-compare-1.0.0.tgz"
    "version" "1.0.0"
  
  "semver-diff@^3.1.1":
    "integrity" "sha512-GX0Ix/CJcHyB8c4ykpHGIAvLyOwOobtM/8d+TQkAd81/bEjgPHrfba41Vpesr7jX/t8Uh+R3EX9eAS5be+jQYg=="
    "resolved" "https://registry.npmjs.org/semver-diff/-/semver-diff-3.1.1.tgz"
    "version" "3.1.1"
    dependencies:
      "semver" "^6.3.0"
  
  "semver@^5.6.0":
    "integrity" "sha512-sauaDf/PZdVgrLTNYHRtpXa1iRiKcaebiKQ1BJdpQlWH2lCvexQdX55snPFyK7QzpudqbCI0qXFfOasHdyNDGQ=="
    "resolved" "https://registry.npmjs.org/semver/-/semver-5.7.1.tgz"
    "version" "5.7.1"
  
  "semver@^5.7.1":
    "integrity" "sha512-sauaDf/PZdVgrLTNYHRtpXa1iRiKcaebiKQ1BJdpQlWH2lCvexQdX55snPFyK7QzpudqbCI0qXFfOasHdyNDGQ=="
    "resolved" "https://registry.npmjs.org/semver/-/semver-5.7.1.tgz"
    "version" "5.7.1"
  
  "semver@^6.0.0":
    "integrity" "sha512-b39TBaTSfV6yBrapU89p5fKekE2m/NwnDocOVruQFS1/veMgdzuPcnOM34M6CwxW8jH/lxEa5rBoDeUwu5HHTw=="
    "resolved" "https://registry.npmjs.org/semver/-/semver-6.3.0.tgz"
    "version" "6.3.0"
  
  "semver@^6.2.0":
    "integrity" "sha512-b39TBaTSfV6yBrapU89p5fKekE2m/NwnDocOVruQFS1/veMgdzuPcnOM34M6CwxW8jH/lxEa5rBoDeUwu5HHTw=="
    "resolved" "https://registry.npmjs.org/semver/-/semver-6.3.0.tgz"
    "version" "6.3.0"
  
  "semver@^6.3.0":
    "integrity" "sha512-b39TBaTSfV6yBrapU89p5fKekE2m/NwnDocOVruQFS1/veMgdzuPcnOM34M6CwxW8jH/lxEa5rBoDeUwu5HHTw=="
    "resolved" "https://registry.npmjs.org/semver/-/semver-6.3.0.tgz"
    "version" "6.3.0"
  
  "semver@^7.3.2":
    "integrity" "sha512-NB1ctGL5rlHrPJtFDVIVzTyQylMLu9N9VICA6HSFJo8MCGVTMW6gfpicwKmmK/dAjTOrqu5l63JJOpDSrAis3A=="
    "resolved" "https://registry.npmjs.org/semver/-/semver-7.3.8.tgz"
    "version" "7.3.8"
    dependencies:
      "lru-cache" "^6.0.0"
  
  "send@0.17.1":
    "integrity" "sha512-BsVKsiGcQMFwT8UxypobUKyv7irCNRHk1T0G680vk88yf6LBByGcZJOTJCrTP2xVN6yI+XjPJcNuE3V4fT9sAg=="
    "resolved" "https://registry.npmjs.org/send/-/send-0.17.1.tgz"
    "version" "0.17.1"
    dependencies:
      "debug" "2.6.9"
      "depd" "~1.1.2"
      "destroy" "~1.0.4"
      "encodeurl" "~1.0.2"
      "escape-html" "~1.0.3"
      "etag" "~1.8.1"
      "fresh" "0.5.2"
      "http-errors" "~1.7.2"
      "mime" "1.6.0"
      "ms" "2.1.1"
      "on-finished" "~2.3.0"
      "range-parser" "~1.2.1"
      "statuses" "~1.5.0"
  
  "seq-queue@^0.0.5":
    "integrity" "sha512-hr3Wtp/GZIc/6DAGPDcV4/9WoZhjrkXsi5B/07QgX8tsdc6ilr7BFM6PM6rbdAX1kFSDYeZGLipIZZKyQP0O5Q=="
    "resolved" "https://registry.npmjs.org/seq-queue/-/seq-queue-0.0.5.tgz"
    "version" "0.0.5"
  
  "sequelize-pool@^6.0.0":
    "integrity" "sha512-4YwEw3ZgK/tY/so+GfnSgXkdwIJJ1I32uZJztIEgZeAO6HMgj64OzySbWLgxj+tXhZCJnzRfkY9gINw8Ft8ZMg=="
    "resolved" "https://registry.npmjs.org/sequelize-pool/-/sequelize-pool-6.1.0.tgz"
    "version" "6.1.0"
  
  "sequelize@^6.3.5":
    "integrity" "sha512-MiwiPkYSA8NWttRKAXdU9h0TxP6HAc1fl7qZmMO/VQqQOND83G4nZLXd0kWILtAoT9cxtZgFqeb/MPYgEeXwsw=="
    "resolved" "https://registry.npmjs.org/sequelize/-/sequelize-6.3.5.tgz"
    "version" "6.3.5"
    dependencies:
      "debug" "^4.1.1"
      "dottie" "^2.0.0"
      "inflection" "1.12.0"
      "lodash" "^4.17.15"
      "moment" "^2.26.0"
      "moment-timezone" "^0.5.31"
      "retry-as-promised" "^3.2.0"
      "semver" "^7.3.2"
      "sequelize-pool" "^6.0.0"
      "toposort-class" "^1.0.1"
      "uuid" "^8.1.0"
      "validator" "^10.11.0"
      "wkx" "^0.5.0"
  
  "serialize-javascript@6.0.0":
    "integrity" "sha512-Qr3TosvguFt8ePWqsvRfrKyQXIiW+nGbYpy8XK24NQHE83caxWt+mIymTT19DGFbNWNLfEwsrkSmN64lVWB9ag=="
    "resolved" "https://registry.npmjs.org/serialize-javascript/-/serialize-javascript-6.0.0.tgz"
    "version" "6.0.0"
    dependencies:
      "randombytes" "^2.1.0"
  
  "serve-favicon@^2.5.0":
    "integrity" "sha1-k10kDN/g9YBTB/3+ln2IlCosvPA="
    "resolved" "https://registry.npmjs.org/serve-favicon/-/serve-favicon-2.5.0.tgz"
    "version" "2.5.0"
    dependencies:
      "etag" "~1.8.1"
      "fresh" "0.5.2"
      "ms" "2.1.1"
      "parseurl" "~1.3.2"
      "safe-buffer" "5.1.1"
  
  "serve-static@1.14.1":
    "integrity" "sha512-JMrvUwE54emCYWlTI+hGrGv5I8dEwmco/00EvkzIIsR7MqrHonbD9pO2MOfFnpFntl7ecpZs+3mW+XbQZu9QCg=="
    "resolved" "https://registry.npmjs.org/serve-static/-/serve-static-1.14.1.tgz"
    "version" "1.14.1"
    dependencies:
      "encodeurl" "~1.0.2"
      "escape-html" "~1.0.3"
      "parseurl" "~1.3.3"
      "send" "0.17.1"
  
  "setprototypeof@1.1.1":
    "integrity" "sha512-JvdAWfbXeIGaZ9cILp38HntZSFSo3mWg6xGcJJsd+d4aRMOqauag1C63dJfDw7OaMYwEbHMOxEZ1lqVRYP2OAw=="
    "resolved" "https://registry.npmjs.org/setprototypeof/-/setprototypeof-1.1.1.tgz"
    "version" "1.1.1"
  
  "should-equal@^2.0.0":
    "integrity" "sha512-ZP36TMrK9euEuWQYBig9W55WPC7uo37qzAEmbjHz4gfyuXrEUgF8cUvQVO+w+d3OMfPvSRQJ22lSm8MQJ43LTA=="
    "resolved" "https://registry.npmjs.org/should-equal/-/should-equal-2.0.0.tgz"
    "version" "2.0.0"
    dependencies:
      "should-type" "^1.4.0"
  
  "should-format@^3.0.3":
    "integrity" "sha512-hZ58adtulAk0gKtua7QxevgUaXTTXxIi8t41L3zo9AHvjXO1/7sdLECuHeIN2SRtYXpNkmhoUP2pdeWgricQ+Q=="
    "resolved" "https://registry.npmjs.org/should-format/-/should-format-3.0.3.tgz"
    "version" "3.0.3"
    dependencies:
      "should-type" "^1.3.0"
      "should-type-adaptors" "^1.0.1"
  
  "should-type-adaptors@^1.0.1":
    "integrity" "sha512-JA4hdoLnN+kebEp2Vs8eBe9g7uy0zbRo+RMcU0EsNy+R+k049Ki+N5tT5Jagst2g7EAja+euFuoXFCa8vIklfA=="
    "resolved" "https://registry.npmjs.org/should-type-adaptors/-/should-type-adaptors-1.1.0.tgz"
    "version" "1.1.0"
    dependencies:
      "should-type" "^1.3.0"
      "should-util" "^1.0.0"
  
  "should-type@^1.3.0", "should-type@^1.4.0":
    "integrity" "sha512-MdAsTu3n25yDbIe1NeN69G4n6mUnJGtSJHygX3+oN0ZbO3DTiATnf7XnYJdGT42JCXurTb1JI0qOBR65shvhPQ=="
    "resolved" "https://registry.npmjs.org/should-type/-/should-type-1.4.0.tgz"
    "version" "1.4.0"
  
  "should-util@^1.0.0":
    "integrity" "sha512-oXF8tfxx5cDk8r2kYqlkUJzZpDBqVY/II2WhvU0n9Y3XYvAYRmeaf1PvvIvTgPnv4KJ+ES5M0PyDq5Jp+Ygy2g=="
    "resolved" "https://registry.npmjs.org/should-util/-/should-util-1.0.1.tgz"
    "version" "1.0.1"
  
  "should@^13.2.3":
    "integrity" "sha512-ggLesLtu2xp+ZxI+ysJTmNjh2U0TsC+rQ/pfED9bUZZ4DKefP27D+7YJVVTvKsmjLpIi9jAa7itwDGkDDmt1GQ=="
    "resolved" "https://registry.npmjs.org/should/-/should-13.2.3.tgz"
    "version" "13.2.3"
    dependencies:
      "should-equal" "^2.0.0"
      "should-format" "^3.0.3"
      "should-type" "^1.4.0"
      "should-type-adaptors" "^1.0.1"
      "should-util" "^1.0.0"
  
  "signal-exit@^3.0.2":
    "integrity" "sha512-VUJ49FC8U1OxwZLxIbTTrDvLnf/6TDgxZcK8wxR8zs13xpx7xbG60ndBlhNrFi2EMuFRoeDoJO7wthSLq42EjA=="
    "resolved" "https://registry.npmjs.org/signal-exit/-/signal-exit-3.0.3.tgz"
    "version" "3.0.3"
  
  "sinon-test@^2.4.0":
    "integrity" "sha512-si0GRSeYtEFj67t/nyR5BKTWhFTerFJ7Xw88EIhUT5G99bpJ0HOxZiHuJ1DFqS6S7i0RqU23H9GaVxAVf/hxow=="
    "resolved" "https://registry.npmjs.org/sinon-test/-/sinon-test-2.4.3.tgz"
    "version" "2.4.3"
  
  "sinon@^7.5.0", "sinon@2.x - 9.x":
    "integrity" "sha512-AoD0oJWerp0/rY9czP/D6hDTTUYGpObhZjMpd7Cl/A6+j0xBE+ayL/ldfggkBXUs0IkvIiM1ljM8+WkOc5k78Q=="
    "resolved" "https://registry.npmjs.org/sinon/-/sinon-7.5.0.tgz"
    "version" "7.5.0"
    dependencies:
      "@sinonjs/commons" "^1.4.0"
      "@sinonjs/formatio" "^3.2.1"
      "@sinonjs/samsam" "^3.3.3"
      "diff" "^3.5.0"
      "lolex" "^4.2.0"
      "nise" "^1.5.2"
      "supports-color" "^5.5.0"
  
  "sqlstring@^2.3.2":
    "integrity" "sha512-qC9iz2FlN7DQl3+wjwn3802RTyjCx7sDvfQEXchwa6CWOx07/WVfh91gBmQ9fahw8snwGEWU3xGzOt4tFyHLxg=="
    "resolved" "https://registry.npmjs.org/sqlstring/-/sqlstring-2.3.3.tgz"
    "version" "2.3.3"
  
  "sqlstring@2.3.1":
    "integrity" "sha512-ooAzh/7dxIG5+uDik1z/Rd1vli0+38izZhGzSa34FwR7IbelPWCCKSNIl8jlL/F7ERvy8CB2jNeM1E9i9mXMAQ=="
    "resolved" "https://registry.npmjs.org/sqlstring/-/sqlstring-2.3.1.tgz"
    "version" "2.3.1"
  
  "statuses@>= 1.5.0 < 2", "statuses@~1.5.0":
    "integrity" "sha1-Fhx9rBd2Wf2YEfQ3cfqZOBR4Yow="
    "resolved" "https://registry.npmjs.org/statuses/-/statuses-1.5.0.tgz"
    "version" "1.5.0"
  
  "string_decoder@~1.1.1":
    "integrity" "sha512-n/ShnvDi6FHbbVfviro+WojiFzv+s8MPMHBczVePfUpDJLwoLT0ht1l4YwBCbi8pJAveEEdnkHyPyTP/mzRfwg=="
    "resolved" "https://registry.npmjs.org/string_decoder/-/string_decoder-1.1.1.tgz"
    "version" "1.1.1"
    dependencies:
      "safe-buffer" "~5.1.0"
  
  "string-width@^3.0.0":
    "integrity" "sha512-vafcv6KjVZKSgz06oM/H6GDBrAtz8vdhQakGjFIvNrHA6y3HCF1CInLy+QLq8dTJPQ1b+KDUqDFctkdRW44e1w=="
    "resolved" "https://registry.npmjs.org/string-width/-/string-width-3.1.0.tgz"
    "version" "3.1.0"
    dependencies:
      "emoji-regex" "^7.0.1"
      "is-fullwidth-code-point" "^2.0.0"
      "strip-ansi" "^5.1.0"
  
  "string-width@^4.0.0":
    "integrity" "sha512-zUz5JD+tgqtuDjMhwIg5uFVV3dtqZ9yQJlZVfq4I01/K5Paj5UHj7VyrQOJvzawSVlKpObApbfD0Ed6yJc+1eg=="
    "resolved" "https://registry.npmjs.org/string-width/-/string-width-4.2.0.tgz"
    "version" "4.2.0"
    dependencies:
      "emoji-regex" "^8.0.0"
      "is-fullwidth-code-point" "^3.0.0"
      "strip-ansi" "^6.0.0"
  
  "string-width@^4.1.0":
    "integrity" "sha512-zUz5JD+tgqtuDjMhwIg5uFVV3dtqZ9yQJlZVfq4I01/K5Paj5UHj7VyrQOJvzawSVlKpObApbfD0Ed6yJc+1eg=="
    "resolved" "https://registry.npmjs.org/string-width/-/string-width-4.2.0.tgz"
    "version" "4.2.0"
    dependencies:
      "emoji-regex" "^8.0.0"
      "is-fullwidth-code-point" "^3.0.0"
      "strip-ansi" "^6.0.0"
  
  "string-width@^4.2.0":
    "integrity" "sha512-wKyQRQpjJ0sIp62ErSZdGsjMJWsap5oRNihHhu6G7JVO/9jIB6UyevL+tXuOqrng8j/cxKTWyWUwvSTriiZz/g=="
    "resolved" "https://registry.npmjs.org/string-width/-/string-width-4.2.3.tgz"
    "version" "4.2.3"
    dependencies:
      "emoji-regex" "^8.0.0"
      "is-fullwidth-code-point" "^3.0.0"
      "strip-ansi" "^6.0.1"
  
  "strip-ansi@^5.1.0":
    "integrity" "sha512-DuRs1gKbBqsMKIZlrffwlug8MHkcnpjs5VPmL1PAh+mA30U0DTotfDZ0d2UUsXpPmPmMMJ6W773MaA3J+lbiWA=="
    "resolved" "https://registry.npmjs.org/strip-ansi/-/strip-ansi-5.2.0.tgz"
    "version" "5.2.0"
    dependencies:
      "ansi-regex" "^4.1.0"
  
  "strip-ansi@^6.0.0":
    "integrity" "sha512-AuvKTrTfQNYNIctbR1K/YGTR1756GycPsg7b9bdV9Duqur4gv6aKqHXah67Z8ImS7WEz5QVcOtlfW2rZEugt6w=="
    "resolved" "https://registry.npmjs.org/strip-ansi/-/strip-ansi-6.0.0.tgz"
    "version" "6.0.0"
    dependencies:
      "ansi-regex" "^5.0.0"
  
  "strip-ansi@^6.0.1":
    "integrity" "sha512-Y38VPSHcqkFrCpFnQ9vuSXmquuv5oXOKpGeT6aGrr3o3Gc9AlVa6JBfUSOCnbxGGZF+/0ooI7KrPuUSztUdU5A=="
    "resolved" "https://registry.npmjs.org/strip-ansi/-/strip-ansi-6.0.1.tgz"
    "version" "6.0.1"
    dependencies:
      "ansi-regex" "^5.0.1"
  
  "strip-json-comments@~2.0.1":
    "integrity" "sha1-PFMZQukIwml8DsNEhYwobHygpgo="
    "resolved" "https://registry.npmjs.org/strip-json-comments/-/strip-json-comments-2.0.1.tgz"
    "version" "2.0.1"
  
  "strip-json-comments@3.1.1":
    "integrity" "sha512-6fPc+R4ihwqP6N/aIv2f1gMH8lOVtWQHoqC4yK6oSDVVocumAsfCqjkXnqiYMhmMwS/mEHLp7Vehlt3ql6lEig=="
    "resolved" "https://registry.npmjs.org/strip-json-comments/-/strip-json-comments-3.1.1.tgz"
    "version" "3.1.1"
  
  "superagent@^3.7.0", "superagent@^3.8.3":
    "integrity" "sha512-GLQtLMCoEIK4eDv6OGtkOoSMt3D+oq0y3dsxMuYuDvaNUvuT8eFBuLmfR0iYYzHC1e8hpzC6ZsxbuP6DIalMFA=="
    "resolved" "https://registry.npmjs.org/superagent/-/superagent-3.8.3.tgz"
    "version" "3.8.3"
    dependencies:
      "component-emitter" "^1.2.0"
      "cookiejar" "^2.1.0"
      "debug" "^3.1.0"
      "extend" "^3.0.0"
      "form-data" "^2.3.1"
      "formidable" "^1.2.0"
      "methods" "^1.1.1"
      "mime" "^1.4.1"
      "qs" "^6.5.1"
      "readable-stream" "^2.3.5"
  
  "supertest@^4.0.2":
    "integrity" "sha512-1BAbvrOZsGA3YTCWqbmh14L0YEq0EGICX/nBnfkfVJn7SrxQV1I3pMYjSzG9y/7ZU2V9dWqyqk2POwxlb09duQ=="
    "resolved" "https://registry.npmjs.org/supertest/-/supertest-4.0.2.tgz"
    "version" "4.0.2"
    dependencies:
      "methods" "^1.1.2"
      "superagent" "^3.8.3"
  
  "supports-color@^5.5.0":
    "integrity" "sha512-QjVjwdXIt408MIiAqCX4oUKsgU2EqAGzs2Ppkm4aQYbjm+ZEWEcW4SfFNTr4uMNZma0ey4f5lgLrkB0aX0QMow=="
    "resolved" "https://registry.npmjs.org/supports-color/-/supports-color-5.5.0.tgz"
    "version" "5.5.0"
    dependencies:
      "has-flag" "^3.0.0"
  
  "supports-color@^7.1.0":
    "integrity" "sha512-qpCAvRl9stuOHveKsn7HncJRvv501qIacKzQlO/+Lwxc9+0q2wLyv4Dfvt80/DPn2pqOBsJdDiogXGR9+OvwRw=="
    "resolved" "https://registry.npmjs.org/supports-color/-/supports-color-7.2.0.tgz"
    "version" "7.2.0"
    dependencies:
      "has-flag" "^4.0.0"
  
  "supports-color@8.1.1":
    "integrity" "sha512-MpUEN2OodtUzxvKQl72cUF7RQ5EiHsGvSsVG0ia9c5RbWGL2CI4C7EpPS8UTBIplnlzZiNuV56w+FuNxy3ty2Q=="
    "resolved" "https://registry.npmjs.org/supports-color/-/supports-color-8.1.1.tgz"
    "version" "8.1.1"
    dependencies:
      "has-flag" "^4.0.0"
  
  "term-size@^2.1.0":
    "integrity" "sha512-wK0Ri4fOGjv/XPy8SBHZChl8CM7uMc5VML7SqiQ0zG7+J5Vr+RMQDoHa2CNT6KHUnTGIXH34UDMkPzAUyapBZg=="
    "resolved" "https://registry.npmjs.org/term-size/-/term-size-2.2.1.tgz"
    "version" "2.2.1"
  
  "to-readable-stream@^1.0.0":
    "integrity" "sha512-Iq25XBt6zD5npPhlLVXGFN3/gyR2/qODcKNNyTMd4vbm39HUaOiAM4PMq0eMVC/Tkxz+Zjdsc55g9yyz+Yq00Q=="
    "resolved" "https://registry.npmjs.org/to-readable-stream/-/to-readable-stream-1.0.0.tgz"
    "version" "1.0.0"
  
  "to-regex-range@^5.0.1":
    "integrity" "sha512-65P7iz6X5yEr1cwcgvQxbbIw7Uk3gOy5dIdtZ4rDveLqhrdJP+Li/Hx6tyK0NEb+2GCyneCMJiGqrADCSNk8sQ=="
    "resolved" "https://registry.npmjs.org/to-regex-range/-/to-regex-range-5.0.1.tgz"
    "version" "5.0.1"
    dependencies:
      "is-number" "^7.0.0"
  
  "toidentifier@1.0.0":
    "integrity" "sha512-yaOH/Pk/VEhBWWTlhI+qXxDFXlejDGcQipMlyxda9nthulaxLZUNcUqFxokp0vcYnvteJln5FNQDRrxj3YcbVw=="
    "resolved" "https://registry.npmjs.org/toidentifier/-/toidentifier-1.0.0.tgz"
    "version" "1.0.0"
  
  "toposort-class@^1.0.1":
    "integrity" "sha1-f/0feMi+KMO6Rc1OGj9e4ZO9mYg="
    "resolved" "https://registry.npmjs.org/toposort-class/-/toposort-class-1.0.1.tgz"
    "version" "1.0.1"
  
  "touch@^3.1.0":
    "integrity" "sha512-WBx8Uy5TLtOSRtIq+M03/sKDrXCLHxwDcquSP2c43Le03/9serjQBIztjRz6FkJez9D/hleyAXTBGLwwZUw9lA=="
    "resolved" "https://registry.npmjs.org/touch/-/touch-3.1.0.tgz"
    "version" "3.1.0"
    dependencies:
      "nopt" "~1.0.10"
  
  "type-detect@^4.0.0", "type-detect@^4.0.5", "type-detect@4.0.8":
    "integrity" "sha512-0fr/mIH1dlO+x7TlcMy+bIDqKPsw/70tVyeHW787goQjhmqaZe10uwLujubK9q9Lg6Fiho1KUKDYz0Z7k7g5/g=="
    "resolved" "https://registry.npmjs.org/type-detect/-/type-detect-4.0.8.tgz"
    "version" "4.0.8"
  
  "type-fest@^0.8.1":
    "integrity" "sha512-4dbzIzqvjtgiM5rw1k5rEHtBANKmdudhGyBEajN01fEyhaAIhsoKNy6y7+IN93IfpFtwY9iqi7kD+xwKhQsNJA=="
    "resolved" "https://registry.npmjs.org/type-fest/-/type-fest-0.8.1.tgz"
    "version" "0.8.1"
  
  "type-is@~1.6.17", "type-is@~1.6.18":
    "integrity" "sha512-TkRKr9sUTxEH8MdfuCSP7VizJyzRNMjj2J2do2Jr3Kym598JVdEksuzPQCnlFPW4ky9Q+iA+ma9BGm06XQBy8g=="
    "resolved" "https://registry.npmjs.org/type-is/-/type-is-1.6.18.tgz"
    "version" "1.6.18"
    dependencies:
      "media-typer" "0.3.0"
      "mime-types" "~2.1.24"
  
  "typedarray-to-buffer@^3.1.5":
    "integrity" "sha512-zdu8XMNEDepKKR+XYOXAVPtWui0ly0NtohUscw+UmaHiAWT8hrV1rr//H6V+0DvJ3OQ19S979M0laLfX8rm82Q=="
    "resolved" "https://registry.npmjs.org/typedarray-to-buffer/-/typedarray-to-buffer-3.1.5.tgz"
    "version" "3.1.5"
    dependencies:
      "is-typedarray" "^1.0.0"
  
  "undefsafe@^2.0.3":
    "integrity" "sha512-nrXZwwXrD/T/JXeygJqdCO6NZZ1L66HrxM/Z7mIq2oPanoN0F1nLx3lwJMu6AwJY69hdixaFQOuoYsMjE5/C2A=="
    "resolved" "https://registry.npmjs.org/undefsafe/-/undefsafe-2.0.3.tgz"
    "version" "2.0.3"
    dependencies:
      "debug" "^2.2.0"
  
  "unique-string@^2.0.0":
    "integrity" "sha512-uNaeirEPvpZWSgzwsPGtU2zVSTrn/8L5q/IexZmH0eH6SA73CmAA5U4GwORTxQAZs95TAXLNqeLoPPNO5gZfWg=="
    "resolved" "https://registry.npmjs.org/unique-string/-/unique-string-2.0.0.tgz"
    "version" "2.0.0"
    dependencies:
      "crypto-random-string" "^2.0.0"
  
  "unit.js@^2.1.1":
    "integrity" "sha512-v9md/m+cpqrBuZIgdj4SK774XPnkBsoByN5K0ZOozyXAY9BkWgcOr9idZrrIrU+uKxLA6E/XlClcquuIw63qwA=="
    "resolved" "https://registry.npmjs.org/unit.js/-/unit.js-2.1.1.tgz"
    "version" "2.1.1"
    dependencies:
      "bluebird" "^3.7.1"
      "lodash" "^4.17.15"
      "must" "^0.13.4"
      "noder.io" ">= 1.0.0 < 2.0.0"
      "should" "^13.2.3"
      "sinon" "^7.5.0"
      "sinon-test" "^2.4.0"
      "supertest" "^4.0.2"
  
  "unpipe@~1.0.0", "unpipe@1.0.0":
    "integrity" "sha1-sr9O6FFKrmFltIF4KdIbLvSZBOw="
    "resolved" "https://registry.npmjs.org/unpipe/-/unpipe-1.0.0.tgz"
    "version" "1.0.0"
  
  "update-notifier@^4.1.0":
    "integrity" "sha512-Yld6Z0RyCYGB6ckIjffGOSOmHXj1gMeE7aROz4MG+XMkmixBX4jUngrGXNYz7wPKBmtoD4MnBa2Anu7RSKht/A=="
    "resolved" "https://registry.npmjs.org/update-notifier/-/update-notifier-4.1.3.tgz"
    "version" "4.1.3"
    dependencies:
      "boxen" "^4.2.0"
      "chalk" "^3.0.0"
      "configstore" "^5.0.1"
      "has-yarn" "^2.1.0"
      "import-lazy" "^2.1.0"
      "is-ci" "^2.0.0"
      "is-installed-globally" "^0.3.1"
      "is-npm" "^4.0.0"
      "is-yarn-global" "^0.3.0"
      "latest-version" "^5.0.0"
      "pupa" "^2.0.1"
      "semver-diff" "^3.1.1"
      "xdg-basedir" "^4.0.0"
  
  "url-parse-lax@^3.0.0":
    "integrity" "sha1-FrXK/Afb42dsGxmZF3gj1lA6yww="
    "resolved" "https://registry.npmjs.org/url-parse-lax/-/url-parse-lax-3.0.0.tgz"
    "version" "3.0.0"
    dependencies:
      "prepend-http" "^2.0.0"
  
  "util-deprecate@~1.0.1":
    "integrity" "sha1-RQ1Nyfpw3nMnYvvS1KKJgUGaDM8="
    "resolved" "https://registry.npmjs.org/util-deprecate/-/util-deprecate-1.0.2.tgz"
    "version" "1.0.2"
  
  "utils-merge@1.0.1":
    "integrity" "sha1-n5VxD1CiZ5R7LMwSR0HBAoQn5xM="
    "resolved" "https://registry.npmjs.org/utils-merge/-/utils-merge-1.0.1.tgz"
    "version" "1.0.1"
  
  "uuid@^8.1.0":
    "integrity" "sha512-fX6Z5o4m6XsXBdli9g7DtWgAx+osMsRRZFKma1mIUsLCz6vRvv+pz5VNbyu9UEDzpMWulZfvpgb/cmDXVulYFQ=="
    "resolved" "https://registry.npmjs.org/uuid/-/uuid-8.3.0.tgz"
    "version" "8.3.0"
  
  "validator@^10.11.0":
    "integrity" "sha512-X/p3UZerAIsbBfN/IwahhYaBbY68EN/UQBWHtsbXGT5bfrH/p4NQzUCG1kF/rtKaNpnJ7jAu6NGTdSNtyNIXMw=="
    "resolved" "https://registry.npmjs.org/validator/-/validator-10.11.0.tgz"
    "version" "10.11.0"
  
  "vary@^1", "vary@~1.1.2":
    "integrity" "sha1-IpnwLG3tMNSllhsLn3RSShj2NPw="
    "resolved" "https://registry.npmjs.org/vary/-/vary-1.1.2.tgz"
    "version" "1.1.2"
  
  "widest-line@^3.1.0":
    "integrity" "sha512-NsmoXalsWVDMGupxZ5R08ka9flZjjiLvHVAWYOKtiKM8ujtZWr9cRffak+uSE48+Ob8ObalXpwyeUiyDD6QFgg=="
    "resolved" "https://registry.npmjs.org/widest-line/-/widest-line-3.1.0.tgz"
    "version" "3.1.0"
    dependencies:
      "string-width" "^4.0.0"
  
  "wkx@^0.5.0":
    "integrity" "sha512-Xng/d4Ichh8uN4l0FToV/258EjMGU9MGcA0HV2d9B/ZpZB3lqQm7nkOdZdm5GhKtLLhAE7PiVQwN4eN+2YJJUg=="
    "resolved" "https://registry.npmjs.org/wkx/-/wkx-0.5.0.tgz"
    "version" "0.5.0"
    dependencies:
      "@types/node" "*"
  
  "workerpool@6.2.1":
    "integrity" "sha512-ILEIE97kDZvF9Wb9f6h5aXK4swSlKGUcOEGiIYb2OOu/IrDU9iwj0fD//SsA6E5ibwJxpEvhullJY4Sl4GcpAw=="
    "resolved" "https://registry.npmjs.org/workerpool/-/workerpool-6.2.1.tgz"
    "version" "6.2.1"
  
  "wrap-ansi@^7.0.0":
    "integrity" "sha512-YVGIj2kamLSTxw6NsZjoBxfSwsn0ycdesmc4p+Q21c5zPuZ1pl+NfxVdxPtdHvmNVOQ6XSYG4AUtyt/Fi7D16Q=="
    "resolved" "https://registry.npmjs.org/wrap-ansi/-/wrap-ansi-7.0.0.tgz"
    "version" "7.0.0"
    dependencies:
      "ansi-styles" "^4.0.0"
      "string-width" "^4.1.0"
      "strip-ansi" "^6.0.0"
  
  "wrappy@1":
    "integrity" "sha1-tSQ9jz7BqjXxNkYFvA0QNuMKtp8="
    "resolved" "https://registry.npmjs.org/wrappy/-/wrappy-1.0.2.tgz"
    "version" "1.0.2"
  
  "write-file-atomic@^3.0.0":
    "integrity" "sha512-AvHcyZ5JnSfq3ioSyjrBkH9yW4m7Ayk8/9My/DD9onKeu/94fwrMocemO2QAJFAlnnDN+ZDS+ZjAR5ua1/PV/Q=="
    "resolved" "https://registry.npmjs.org/write-file-atomic/-/write-file-atomic-3.0.3.tgz"
    "version" "3.0.3"
    dependencies:
      "imurmurhash" "^0.1.4"
      "is-typedarray" "^1.0.0"
      "signal-exit" "^3.0.2"
      "typedarray-to-buffer" "^3.1.5"
  
  "xdg-basedir@^4.0.0":
    "integrity" "sha512-PSNhEJDejZYV7h50BohL09Er9VaIefr2LMAf3OEmpCkjOi34eYyQYAXUTjEQtZJTKcF0E2UKTh+osDLsgNim9Q=="
    "resolved" "https://registry.npmjs.org/xdg-basedir/-/xdg-basedir-4.0.0.tgz"
    "version" "4.0.0"
  
  "y18n@^5.0.5":
    "integrity" "sha512-0pfFzegeDWJHJIAmTLRP2DwHjdF5s7jo9tuztdQxAhINCdvS+3nGINqPd00AphqJR/0LhANUS6/+7SCb98YOfA=="
    "resolved" "https://registry.npmjs.org/y18n/-/y18n-5.0.8.tgz"
    "version" "5.0.8"
  
  "yallist@^2.1.2":
    "integrity" "sha512-ncTzHV7NvsQZkYe1DW7cbDLm0YpzHmZF5r/iyP3ZnQtMiJ+pjzisCiMNI+Sj+xQF5pXhSHxSB3uDbsBTzY/c2A=="
    "resolved" "https://registry.npmjs.org/yallist/-/yallist-2.1.2.tgz"
    "version" "2.1.2"
  
  "yallist@^4.0.0":
    "integrity" "sha512-3wdGidZyq5PB084XLES5TpOSRA3wjXAlIWMhum2kRcv/41Sn2emQ0dycQW4uZXLejwKvg6EsvbdlVL+FYEct7A=="
    "resolved" "https://registry.npmjs.org/yallist/-/yallist-4.0.0.tgz"
    "version" "4.0.0"
  
  "yargs-parser@^20.2.2", "yargs-parser@20.2.4":
    "integrity" "sha512-WOkpgNhPTlE73h4VFAFsOnomJVaovO8VqLDzy5saChRBFQFBoMYirowyW+Q9HB4HFF4Z7VZTiG3iSzJJA29yRA=="
    "resolved" "https://registry.npmjs.org/yargs-parser/-/yargs-parser-20.2.4.tgz"
    "version" "20.2.4"
  
  "yargs-unparser@2.0.0":
    "integrity" "sha512-7pRTIA9Qc1caZ0bZ6RYRGbHJthJWuakf+WmHK0rVeLkNrrGhfoabBNdue6kdINI6r4if7ocq9aD/n7xwKOdzOA=="
    "resolved" "https://registry.npmjs.org/yargs-unparser/-/yargs-unparser-2.0.0.tgz"
    "version" "2.0.0"
    dependencies:
      "camelcase" "^6.0.0"
      "decamelize" "^4.0.0"
      "flat" "^5.0.2"
      "is-plain-obj" "^2.1.0"
  
  "yargs@16.2.0":
    "integrity" "sha512-D1mvvtDG0L5ft/jGWkLpG1+m0eQxOfaBvTNELraWj22wSVUMWxZUvYgJYcKh6jGGIkJFhH4IZPQhR4TKpc8mBw=="
    "resolved" "https://registry.npmjs.org/yargs/-/yargs-16.2.0.tgz"
    "version" "16.2.0"
    dependencies:
      "cliui" "^7.0.2"
      "escalade" "^3.1.1"
      "get-caller-file" "^2.0.5"
      "require-directory" "^2.1.1"
      "string-width" "^4.2.0"
      "y18n" "^5.0.5"
      "yargs-parser" "^20.2.2"
  
  "yocto-queue@^0.1.0":
    "integrity" "sha512-rVksvsnNCdJ/ohGc6xgPwyN8eheCxsiLM8mxuE/t/mOVqJewPuO1miLpTHQiRgTKCLexL4MeAFVagts7HmNZ2Q=="
    "resolved" "https://registry.npmjs.org/yocto-queue/-/yocto-queue-0.1.0.tgz"
    "version" "0.1.0"
